<?xml version="1.0" encoding="utf-8"?><testsuites><testsuite name="pytest" errors="0" failures="0" skipped="0" tests="5" time="140.108" timestamp="2022-12-27T13:38:52.497811" hostname="Kenjis-MacBook-Pro.local"><testcase classname="tests.test_gcpts" name="test_upload_and_create_table" time="13.702" /><testcase classname="tests.test_gcpts" name="test_upload" time="51.297" /><testcase classname="tests.test_gcpts" name="test_upload_two_times" time="31.953" /><testcase classname="tests.test_gcpts" name="test_basic_query" time="19.468" /><testcase classname="tests.test_gcpts" name="test_resample_query" time="18.728" /></testsuite></testsuites>