============================= test session starts ==============================
platform darwin -- Python 3.10.7, pytest-7.2.0, pluggy-1.0.0
rootdir: /Users/kenji/workspace/gcpts
plugins: order-1.0.1, cov-4.0.0
collected 5 items

tests/test_gcpts.py .....                                                [100%]

--------- generated xml file: /Users/kenji/workspace/gcpts/pytest.xml ----------

---------- coverage: platform darwin, python 3.10.7-final-0 ----------
Name                                                                                                                                 Stmts   Miss  Cover   Missing
------------------------------------------------------------------------------------------------------------------------------------------------------------------
/Users/kenji/Downloads/google-cloud-sdk/lib/gcloud.py                                                                                   54     13    76%   44, 77, 93-100, 105-127
/Users/kenji/Downloads/google-cloud-sdk/lib/googlecloudsdk/__init__.py                                                                  11      2    82%   29-30
/Users/kenji/Downloads/google-cloud-sdk/lib/googlecloudsdk/api_lib/asset/client_util.py                                                487    393    19%   75, 87, 99-111, 115-119, 126-156, 163-183, 191-225, 233-300, 307-310, 314-315, 320-346, 353-356, 360-401, 408, 412-436, 439-443, 449-462, 466-468, 472-474, 478-480, 484-493, 497-522, 529-531, 535-556, 560-562, 566-568, 572-574, 578-614, 619-639, 648-663, 667-677, 689-698, 713-715, 719-731, 747-748, 751-752, 759-761, 764, 772-773, 777-835, 842-844, 848-862, 869-871, 875-925, 934-935, 939-941, 953-955, 967-969, 981-983, 998-999, 1003-1005
/Users/kenji/Downloads/google-cloud-sdk/lib/googlecloudsdk/api_lib/auth/util.py                                                        145     84    42%   92-107, 112-115, 130-133, 137, 140-144, 151, 162, 173, 185-195, 205-214, 228-237, 246-249, 254-259, 270, 301-322, 327-343, 347-349, 356-360
/Users/kenji/Downloads/google-cloud-sdk/lib/googlecloudsdk/api_lib/cloudresourcemanager/organizations.py                                41     26    37%   32-33, 36-37, 54, 72-80, 91-98, 111-132
/Users/kenji/Downloads/google-cloud-sdk/lib/googlecloudsdk/api_lib/cloudresourcemanager/projects_api.py                                120     91    24%   46-48, 74-76, 101-103, 114-118, 124-129, 152-154, 164-170, 175-181, 190-209, 214-224, 229-237, 245-257, 264-275, 282, 298-303, 312-317, 324-326, 336-339, 346-353, 357-364
/Users/kenji/Downloads/google-cloud-sdk/lib/googlecloudsdk/api_lib/cloudresourcemanager/projects_util.py                                17      5    71%   32, 44, 56, 67-68
/Users/kenji/Downloads/google-cloud-sdk/lib/googlecloudsdk/api_lib/compute/constants.py                                                 72      8    89%   259-266
/Users/kenji/Downloads/google-cloud-sdk/lib/googlecloudsdk/api_lib/container/api_adapter.py                                           3021   2726    10%   344-346, 350-357, 361-366, 370, 374, 378, 392-400, 428-439, 454-460, 642-815, 936-1048, 1059-1061, 1067, 1142-1209, 1248-1279, 1282, 1289, 1293, 1319-1321, 1324-1328, 1337-1338, 1347-1348, 1370-1380, 1395-1406, 1420-1449, 1453-1465, 1468, 1493-1521, 1525, 1529-1931, 1935-1995, 1999-2007, 2019-2063, 2067-2110, 2116-2122, 2126-2186, 2190-2205, 2209-2238, 2242-2268, 2272-2297, 2302-2329, 2334-2345, 2359-2393, 2408-2517, 2522-2537, 2542-2568, 2580-2587, 2602-2634, 2641-2663, 2674-2699, 2704-3034, 3049-3087, 3090-3095, 3098-3103, 3134-3165, 3169-3187, 3190-3193, 3198-3221, 3225-3262, 3267, 3273-3278, 3284-3296, 3299-3306, 3309-3314, 3317-3321, 3326-3332, 3340-3356, 3371-3380, 3383-3387, 3391-3540, 3544-3551, 3554-3557, 3560-3564, 3576-3584, 3596-3627, 3631-3658, 3662-3684, 3698-3811, 3815-3844, 3847-3852, 3855-3860, 3863-3867, 3871-3874, 3877, 3881, 3885-3890, 3893, 3896-3900, 3903, 3907-3909, 3912-3918, 3931-3937, 3949-3998, 4003-4012, 4024-4037, 4041-4048, 4060-4089, 4093-4100, 4103, 4106, 4123-4133, 4137-4143, 4158-4170, 4174, 4199-4238, 4243-4258, 4271-4286, 4296-4321, 4326-4337, 4350-4384, 4395-4546, 4549-4556, 4559-4699, 4714-4817, 4829-4863, 4866-4895, 4902-5073, 5076-5220, 5223-5230, 5244-5352, 5364-5415, 5418, 5424, 5434-5441, 5445-5452, 5456, 5461-5468, 5475-5484, 5490-5496, 5501-5519, 5525-5544, 5553-5563, 5569-5585, 5592-5602, 5607-5624, 5629-5636, 5641-5650, 5655-5658, 5667-5689, 5694-5723, 5728-5768, 5774-5838, 5843-5849, 5854-5865, 5873-5877, 5882-5887, 5891, 5895, 5899, 5904, 5908-5911, 5915-5920
/Users/kenji/Downloads/google-cloud-sdk/lib/googlecloudsdk/api_lib/container/kubeconfig.py                                             202    153    24%   49-59, 63, 67, 70-74, 82-96, 99, 104-112, 116-122, 127-135, 139, 145-166, 177-182, 188-199, 235-270, 283-296, 305-308, 344-355, 387-427, 439-473, 478, 488
/Users/kenji/Downloads/google-cloud-sdk/lib/googlecloudsdk/api_lib/container/util.py                                                   347    238    31%   106-108, 121-125, 130-136, 140, 148-151, 156-158, 163-166, 186, 192-206, 217, 225, 234, 243, 251, 260, 267, 283-292, 295, 299, 303, 308, 313, 317, 321, 325, 329, 336, 341-363, 392-417, 431-484, 488-495, 510-523, 538-604, 621-629, 644-645, 650, 665-689, 705, 714, 728-744, 760-776, 785, 799-815, 824-827, 843-878, 883-893
/Users/kenji/Downloads/google-cloud-sdk/lib/googlecloudsdk/api_lib/error_reporting/util.py                                              36     21    42%   35-38, 52, 71-90, 95, 98-100
/Users/kenji/Downloads/google-cloud-sdk/lib/googlecloudsdk/api_lib/iam/policies.py                                                      43     26    40%   34-39, 43-44, 62-75, 92-112
/Users/kenji/Downloads/google-cloud-sdk/lib/googlecloudsdk/api_lib/iamcredentials/util.py                                               75     43    43%   52-84, 89-109, 119-125, 129, 134-160, 168-176, 183-185, 195-197, 203-205, 208
/Users/kenji/Downloads/google-cloud-sdk/lib/googlecloudsdk/api_lib/resource_manager/folders.py                                          64     41    36%   34, 38-40, 44, 48, 52, 56, 60, 66-72, 77-83, 88-93, 98-145
/Users/kenji/Downloads/google-cloud-sdk/lib/googlecloudsdk/api_lib/services/enable_api.py                                               21     11    48%   43-44, 62-69, 91-96
/Users/kenji/Downloads/google-cloud-sdk/lib/googlecloudsdk/api_lib/services/exceptions.py                                               45      1    98%   121
/Users/kenji/Downloads/google-cloud-sdk/lib/googlecloudsdk/api_lib/services/services_util.py                                            56     33    41%   42, 54-59, 73-77, 95-113, 128-135, 150-166
/Users/kenji/Downloads/google-cloud-sdk/lib/googlecloudsdk/api_lib/services/serviceusage.py                                            144    106    26%   51, 69-78, 96-107, 129-151, 168-177, 181-183, 203-222, 239-246, 266-280, 300-306, 343-365, 394-409, 414-418, 440-446, 451-454, 465-470
/Users/kenji/Downloads/google-cloud-sdk/lib/googlecloudsdk/api_lib/util/api_enablement.py                                               23     11    52%   39, 52-58, 71-78
/Users/kenji/Downloads/google-cloud-sdk/lib/googlecloudsdk/api_lib/util/apis.py                                                         96     60    38%   46, 53-55, 71-79, 85-91, 107, 124-138, 159-168, 187-193, 198-228, 242, 261, 286-289, 312-316, 327
/Users/kenji/Downloads/google-cloud-sdk/lib/googlecloudsdk/api_lib/util/apis_internal.py                                               127     87    31%   42-47, 52, 67-71, 91, 105, 122-123, 135-138, 163-186, 200-210, 237-255, 261-263, 279-280, 285-295, 300-306, 319-322, 329-332, 339-345
/Users/kenji/Downloads/google-cloud-sdk/lib/googlecloudsdk/api_lib/util/apis_util.py                                                    17      2    88%   31, 39
/Users/kenji/Downloads/google-cloud-sdk/lib/googlecloudsdk/api_lib/util/exceptions.py                                                  285    235    18%   51-72, 77-106, 113, 134-143, 163-183, 200-220, 224-227, 231-237, 289-304, 307-315, 319-339, 343-367, 371-388, 400-420, 433-453, 466-469, 472-477, 481, 484, 487-489, 512-523
/Users/kenji/Downloads/google-cloud-sdk/lib/googlecloudsdk/api_lib/util/resource.py                                                    115     83    28%   54-62, 66, 69-74, 78-89, 105-107, 112-114, 117, 121, 126, 129, 133, 137, 140, 143, 150, 178-198, 213-223, 228-230, 235-239, 243-246, 251, 269-275
/Users/kenji/Downloads/google-cloud-sdk/lib/googlecloudsdk/api_lib/util/resource_search.py                                              52     33    37%   81, 86-125, 153-176
/Users/kenji/Downloads/google-cloud-sdk/lib/googlecloudsdk/api_lib/util/waiter.py                                                       84     46    45%   71, 83, 94, 115-116, 120-124, 135-136, 148-150, 175-176, 180-184, 195-196, 208, 246-279, 311-328, 332
/Users/kenji/Downloads/google-cloud-sdk/lib/googlecloudsdk/calliope/actions.py                                                         205    119    42%   43-44, 70-80, 102-105, 136, 140, 143-144, 182, 194, 197-205, 238, 241-242, 392-393, 434-481, 487-494, 523-584, 617-635
/Users/kenji/Downloads/google-cloud-sdk/lib/googlecloudsdk/calliope/arg_parsers.py                                                     621    447    28%   105-111, 125, 194-202, 215-224, 229-238, 256-257, 288-368, 392-397, 426-435, 480, 482, 486, 491-493, 499, 506, 509, 514, 571, 588-589, 594-609, 613-616, 619-621, 624-626, 629-631, 642-643, 664-686, 694-699, 711-716, 724-729, 743-752, 789-811, 821, 834-838, 852-860, 863-871, 925-937, 946-971, 1000-1031, 1078, 1087, 1096-1103, 1111-1130, 1134-1161, 1166-1187, 1234-1238, 1257-1277, 1280-1282, 1287-1307, 1325-1330, 1345, 1375-1389, 1392-1394, 1400-1404, 1428-1445, 1479, 1486-1487, 1492-1495, 1514-1533, 1540-1542, 1545-1550, 1573-1576, 1595, 1611-1614, 1634-1636, 1639-1640, 1660-1676, 1695-1705, 1728, 1741-1761, 1768, 1772-1773, 1791, 1808-1813
/Users/kenji/Downloads/google-cloud-sdk/lib/googlecloudsdk/calliope/backend.py                                                         327    129    61%   52-57, 61-67, 71, 125, 131-132, 159, 163-166, 180, 182, 186-197, 211, 229-230, 235-251, 320-325, 333, 349, 366, 379-384, 390, 393, 396, 411-418, 435, 438-439, 456, 461-464, 475-490, 551, 593, 620-634, 660, 678-680, 684, 692, 714, 718, 721, 726-744, 813
/Users/kenji/Downloads/google-cloud-sdk/lib/googlecloudsdk/calliope/base.py                                                            397    160    60%   43-44, 118, 157-160, 175-178, 208, 216, 225, 233-234, 237, 248-251, 254, 262-265, 284-304, 313-326, 329, 500, 525-535, 543-547, 556-558, 603, 617, 639, 647, 651, 659, 666-668, 676, 700, 705-714, 721-722, 736-741, 749-750, 802-803, 820-821, 869-906, 920, 925, 959-977, 998-1004, 1011-1012, 1040, 1053, 1067, 1073, 1083, 1094, 1105, 1115, 1147-1157
/Users/kenji/Downloads/google-cloud-sdk/lib/googlecloudsdk/calliope/cli.py                                                             419    192    54%   61-62, 65, 72-74, 77, 81, 87-144, 173-186, 223, 232-234, 280, 319, 376-377, 397-426, 467, 478-485, 498, 501-505, 530, 561, 566, 681-682, 686, 701-706, 710-725, 754-799, 806-835, 840-865, 884, 888, 892, 903, 920, 933, 958, 965, 996-1004, 1012-1013, 1036-1050
/Users/kenji/Downloads/google-cloud-sdk/lib/googlecloudsdk/calliope/command_loading.py                                                 192    103    46%   40-42, 75, 100, 128, 171-176, 182, 187, 222-227, 246-423, 455-456, 491, 496, 502, 507, 540-553, 585, 595, 601, 610
/Users/kenji/Downloads/google-cloud-sdk/lib/googlecloudsdk/calliope/command_release_tracks.py                                           55     42    24%   48-84, 98-113
/Users/kenji/Downloads/google-cloud-sdk/lib/googlecloudsdk/calliope/concepts/concepts.py                                               271    189    30%   77-78, 92, 100, 117, 140, 143-145, 148, 175-185, 189-191, 198, 218-220, 224, 231, 257-263, 311-353, 362, 366, 372, 376, 381, 385, 406-419, 423-428, 432-434, 456-480, 501-524, 530-556, 585-597, 605-624, 628-634, 638-644, 648, 653, 670-700, 741, 766-798
/Users/kenji/Downloads/google-cloud-sdk/lib/googlecloudsdk/calliope/concepts/deps.py                                                   124     70    44%   91-94, 98, 102-104, 109, 112, 115, 139-142, 145-146, 149, 171-175, 178-180, 183, 205-206, 209-217, 220-222, 225, 248-256, 260-270, 273-277, 280, 286, 312-313, 336-343
/Users/kenji/Downloads/google-cloud-sdk/lib/googlecloudsdk/calliope/concepts/handlers.py                                                53     32    40%   36-37, 44-45, 57-59, 63, 79-103, 106, 109-110, 126-129
/Users/kenji/Downloads/google-cloud-sdk/lib/googlecloudsdk/calliope/concepts/multitype.py                                              211    171    19%   43-45, 81-108, 112-119, 123, 127, 131-133, 137, 145, 148-154, 157, 164-183, 193-205, 213-236, 240-254, 258-270, 274-283, 327-353, 360-394, 399-415, 436-458, 471-472
/Users/kenji/Downloads/google-cloud-sdk/lib/googlecloudsdk/calliope/concepts/util.py                                                    27     13    52%   27-29, 33, 37, 42, 47, 51-53, 58, 63, 68
/Users/kenji/Downloads/google-cloud-sdk/lib/googlecloudsdk/calliope/display.py                                                         241    104    57%   110, 137, 146, 156-181, 192-203, 214-225, 234-260, 267-268, 275-279, 284-295, 302-303, 310-311, 319-320, 326-329, 349, 356, 359, 366, 379-383, 404, 410-416, 422, 440-441, 465-472, 485-488, 495
/Users/kenji/Downloads/google-cloud-sdk/lib/googlecloudsdk/calliope/display_info.py                                                     72     21    71%   72-74, 76-78, 97-98, 106-107, 115-116, 125-131, 141-142, 155
/Users/kenji/Downloads/google-cloud-sdk/lib/googlecloudsdk/calliope/display_taps.py                                                     97     67    31%   66-68, 79-85, 90-98, 123-127, 139-156, 169-170, 182-185, 197-198, 210-216, 229-231, 244-252, 255-256, 267, 279-284
/Users/kenji/Downloads/google-cloud-sdk/lib/googlecloudsdk/calliope/exceptions.py                                                      199    138    31%   61-75, 89, 104, 124-133, 174-191, 199-211, 239-285, 292-298, 310-312, 336-338, 345-347, 355-357, 365-368, 375-379, 453, 474, 490-520, 537-549, 565-567, 571-575, 587-594, 613-621, 627-638, 644
/Users/kenji/Downloads/google-cloud-sdk/lib/googlecloudsdk/calliope/markdown.py                                                        550    467    15%   54-60, 73-75, 91-147, 158-163, 185-230, 249-281, 285-288, 303-337, 366-383, 396, 401, 418-424, 436-442, 447, 452, 457-462, 474, 487-488, 505-515, 526, 532, 541-544, 552-554, 564-594, 598-610, 615-655, 658-661, 671-676, 686-688, 696-710, 721-722, 731-736, 747-758, 770-773, 781-783, 796-813, 817, 825-830, 834-838, 842-859, 864, 881-898, 913, 920-924, 944, 949-953, 957-973, 983-995, 1009-1016, 1020-1030, 1050-1065, 1075-1081, 1085-1095, 1099, 1103, 1107, 1119
/Users/kenji/Downloads/google-cloud-sdk/lib/googlecloudsdk/calliope/parser_arguments.py                                                305     75    75%   92, 202, 210, 215, 220-225, 236, 252-258, 284, 287, 316-329, 335, 339, 341, 356-364, 367, 371, 382-383, 404, 407, 410, 414, 436, 456, 474-487, 493, 510, 537-538, 553-556, 562, 572-576, 608, 611, 635, 639, 651
/Users/kenji/Downloads/google-cloud-sdk/lib/googlecloudsdk/calliope/parser_completer.py                                                 63     38    40%   46, 52, 57-60, 84-88, 96-103, 108-111, 115-120, 126-142
/Users/kenji/Downloads/google-cloud-sdk/lib/googlecloudsdk/calliope/parser_errors.py                                                    49     24    51%   50-55, 58-74, 101, 111, 121, 130
/Users/kenji/Downloads/google-cloud-sdk/lib/googlecloudsdk/calliope/parser_extensions.py                                               559    342    39%   135-137, 143, 151-152, 160-161, 180, 195, 208, 222-233, 249-256, 271-272, 286-289, 308-315, 332-335, 339-342, 386, 405-411, 415, 419-426, 430-479, 489, 530-555, 607, 611-612, 617-631, 645-661, 664-668, 676, 683-688, 696, 698-700, 706, 714, 718, 722, 743-744, 746, 751-768, 796, 803, 811-865, 881-893, 904-909, 920, 935-942, 955-974, 988-1104, 1114-1118, 1134, 1143, 1168-1177, 1194-1196, 1219, 1224, 1247, 1251, 1276-1278, 1289-1294, 1300, 1305, 1311, 1315, 1318-1382
/Users/kenji/Downloads/google-cloud-sdk/lib/googlecloudsdk/calliope/suggest_commands.py                                                158    136    14%   68-83, 100-106, 119-121, 137-189, 204-262, 278-318
/Users/kenji/Downloads/google-cloud-sdk/lib/googlecloudsdk/calliope/usage_text.py                                                      533    366    31%   55-57, 69-71, 79-83, 96-98, 109-117, 121, 135-147, 152-167, 172-177, 208, 218-219, 222-253, 258, 263-355, 361, 363, 367, 374, 381-384, 394-396, 401-402, 417, 419, 422, 424, 426, 434-436, 464, 473, 476, 485, 497, 503, 505-507, 509, 512, 516, 518-519, 522, 530-543, 545, 550, 552-553, 555, 560, 563, 565, 579-606, 618-619, 636-716, 732-755, 771-823, 847-894, 912-918, 935-944, 948, 993, 997
/Users/kenji/Downloads/google-cloud-sdk/lib/googlecloudsdk/command_lib/asset/utils.py                                                   59     41    31%   43-44, 49-53, 71-72, 83-95, 103-108, 113-117, 122-126, 133-139, 147-150, 160
/Users/kenji/Downloads/google-cloud-sdk/lib/googlecloudsdk/command_lib/concepts/base.py                                                 45     20    56%   89-93, 104, 109, 117, 121, 136, 141, 145, 167-169, 174, 193-196
/Users/kenji/Downloads/google-cloud-sdk/lib/googlecloudsdk/command_lib/concepts/concept_managers.py                                     49     31    37%   46-48, 59, 77-80, 84-90, 107-115, 130-139, 149, 166-168
/Users/kenji/Downloads/google-cloud-sdk/lib/googlecloudsdk/command_lib/concepts/dependency_managers.py                                 107     81    24%   33, 45, 64-136, 143-144, 151-152, 164-167, 172, 194-199, 204-220
/Users/kenji/Downloads/google-cloud-sdk/lib/googlecloudsdk/command_lib/concepts/exceptions.py                                           28      7    75%   32, 41, 49, 61, 69, 79, 88
/Users/kenji/Downloads/google-cloud-sdk/lib/googlecloudsdk/command_lib/concepts/names.py                                                20     11    45%   24-26, 31-34, 39, 44-45, 50-51
/Users/kenji/Downloads/google-cloud-sdk/lib/googlecloudsdk/command_lib/config/config_helper.py                                          32      3    91%   53-54, 68
/Users/kenji/Downloads/google-cloud-sdk/lib/googlecloudsdk/command_lib/crash_handling.py                                                75     42    44%   47, 64, 99-105, 115-141, 152-173, 193-202
/Users/kenji/Downloads/google-cloud-sdk/lib/googlecloudsdk/command_lib/error_reporting_util.py                                          30     21    30%   48-81
/Users/kenji/Downloads/google-cloud-sdk/lib/googlecloudsdk/command_lib/iam/completers.py                                                22     10    55%   38-40, 43-48, 53-55, 64
/Users/kenji/Downloads/google-cloud-sdk/lib/googlecloudsdk/command_lib/iam/iam_util.py                                                 467    338    28%   156, 177-200, 209-215, 221-239, 244-262, 271-298, 303-309, 313-316, 324-326, 331-337, 349, 379-389, 412-419, 444-460, 465, 470, 494-510, 530-545, 549-557, 572-576, 591-594, 598-603, 608-618, 623-637, 641-648, 652-656, 665-678, 710-727, 732-741, 746-756, 771-774, 779-782, 803-812, 825-831, 847-857, 877-887, 907-921, 939-941, 957-972, 996-1006, 1048-1085, 1109-1149, 1160, 1181-1188, 1201-1206, 1219-1226, 1244-1249, 1254-1259, 1264, 1269, 1274, 1279, 1285, 1298-1300, 1313-1325, 1330-1336, 1346-1365, 1370-1373, 1378-1388, 1401-1404, 1419, 1432, 1437, 1449-1460, 1469-1470, 1483-1487, 1497-1503, 1515-1519
/Users/kenji/Downloads/google-cloud-sdk/lib/googlecloudsdk/command_lib/projects/util.py                                                 97     70    28%   64-70, 74, 80-82, 87-91, 104-135, 140-153, 169-226
/Users/kenji/Downloads/google-cloud-sdk/lib/googlecloudsdk/command_lib/resource_manager/completers.py                                   11      2    82%   29, 40
/Users/kenji/Downloads/google-cloud-sdk/lib/googlecloudsdk/command_lib/static_completion/lookup.py                                     138     99    28%   62-65, 77-85, 90, 104-112, 129-204, 210, 216, 222, 228-238, 243, 248-250, 255-267
/Users/kenji/Downloads/google-cloud-sdk/lib/googlecloudsdk/command_lib/util/anthos/binary_operations.py                                302    229    24%   55, 70, 88-93, 100, 109, 121-126, 132-137, 142-145, 151-160, 166-174, 192-195, 216-230, 238-246, 254-269, 286-299, 304-312, 320-355, 372-385, 407-410, 414-421, 447-460, 465-479, 496-501, 504-511, 514-519, 522, 555-565, 569, 573, 577, 600-630, 650, 653-655, 674-687, 710-741
/Users/kenji/Downloads/google-cloud-sdk/lib/googlecloudsdk/command_lib/util/anthos/structured_messages.py                              129     79    39%   53, 59-72, 99-126, 135-140, 143-146, 149-151, 154-156, 160-166, 170, 174, 178, 182, 186, 190, 194-204, 207, 210-211, 214-215, 218-219, 222-224, 233-235
/Users/kenji/Downloads/google-cloud-sdk/lib/googlecloudsdk/command_lib/util/apis/arg_marshalling.py                                    265    214    19%   43, 47-49, 53-61, 66-73, 78-87, 109-112, 121-124, 161-199, 210, 225-226, 234, 238, 242-245, 249-267, 275-306, 315-316, 328-335, 362-371, 379-402, 413-423, 427-428, 432-433, 441-451, 464-487, 495-518, 531-549, 561-585, 602-609
/Users/kenji/Downloads/google-cloud-sdk/lib/googlecloudsdk/command_lib/util/apis/arg_utils.py                                          344    272    21%   48, 55, 62, 71, 88-91, 109-149, 160-177, 181-184, 195-203, 208-210, 215-217, 236, 247, 268-352, 377-405, 409-411, 428-450, 460-463, 494-516, 521-528, 534-542, 551, 556, 597-619, 632-658, 663, 741-753, 775-805, 816-823, 834-844, 848, 852, 856, 860, 864, 868, 872, 876, 880
/Users/kenji/Downloads/google-cloud-sdk/lib/googlecloudsdk/command_lib/util/apis/registry.py                                           229    163    29%   45, 54, 63, 72, 81, 95-99, 102, 109-119, 126-154, 179-181, 186, 190, 194, 206-211, 227-228, 232, 236-240, 244-249, 260-266, 281-288, 299, 307, 327-337, 358-379, 391-394, 412-416, 421-425, 431-444, 457-461, 470-474, 478, 492-502, 520-526, 544-548, 552, 566-578
/Users/kenji/Downloads/google-cloud-sdk/lib/googlecloudsdk/command_lib/util/apis/resource_arg_schema.py                                117     87    26%   34-38, 46-49, 78-81, 87-109, 116, 132-161, 173-187, 195-198, 213-228, 233-239, 255-282
/Users/kenji/Downloads/google-cloud-sdk/lib/googlecloudsdk/command_lib/util/apis/update.py                                              51     39    24%   46-65, 77-82, 107-116, 128-150
/Users/kenji/Downloads/google-cloud-sdk/lib/googlecloudsdk/command_lib/util/apis/yaml_command_schema.py                                242    167    31%   38-65, 103-106, 110-111, 118-136, 143-146, 153-155, 162-179, 187-193, 201-203, 209, 216-223, 230, 280-304, 342-358, 369-373, 382-392, 422, 432-436, 447-452, 461-462, 468-471, 479-480, 487-489, 496-516, 520-522
/Users/kenji/Downloads/google-cloud-sdk/lib/googlecloudsdk/command_lib/util/apis/yaml_command_schema_util.py                           164    120    27%   64-67, 79, 82-83, 91-93, 115-140, 160-172, 196-210, 217-225, 239-241, 259-265, 268, 271, 289-311, 327-328, 331-336, 354-374, 391-397, 400-404, 407
/Users/kenji/Downloads/google-cloud-sdk/lib/googlecloudsdk/command_lib/util/apis/yaml_command_translator.py                            642    521    19%   64-65, 79-80, 83-85, 92-94, 104-120, 123-126, 143-146, 159-160, 178-185, 189-203, 214-225, 236-242, 245, 253-263, 279-289, 296-299, 302-323, 334-344, 355-357, 374-413, 427-435, 438-441, 457-475, 496-516, 520-526, 546-558, 561-567, 578-598, 602, 605-607, 631-651, 673-683, 701-706, 726-742, 768-795, 821-864, 874-876, 896-911, 937-980, 1003-1020, 1040-1056, 1073-1125, 1133, 1137, 1142-1150, 1154-1169, 1187-1199, 1217-1262, 1281-1289, 1307-1343, 1362-1453, 1473-1512, 1533-1561
/Users/kenji/Downloads/google-cloud-sdk/lib/googlecloudsdk/command_lib/util/args/common_args.py                                         15      2    87%   40, 57
/Users/kenji/Downloads/google-cloud-sdk/lib/googlecloudsdk/command_lib/util/args/labels_util.py                                        155    107    31%   62, 67, 82-84, 98-100, 128-141, 151, 172-187, 197, 215, 231-237, 249, 261, 284-291, 296, 302-304, 318-319, 328-332, 341-344, 366-370, 374-378, 381-382, 385-387, 404-417, 421, 426-430, 449-451, 456-459, 471-477, 480
/Users/kenji/Downloads/google-cloud-sdk/lib/googlecloudsdk/command_lib/util/args/repeated.py                                            93     67    28%   82-83, 87, 91-93, 117-120, 144-154, 158-160, 181-187, 207-226, 257-275, 279-284, 292-295, 303-307, 315, 322, 326
/Users/kenji/Downloads/google-cloud-sdk/lib/googlecloudsdk/command_lib/util/check_browser.py                                            23     13    43%   50-69
/Users/kenji/Downloads/google-cloud-sdk/lib/googlecloudsdk/command_lib/util/completers.py                                              231    182    21%   50, 72-93, 97, 101, 105, 121, 143-148, 152-163, 166-177, 183-197, 204-226, 247-270, 295-298, 303-324, 328-338, 342-360, 368-378, 385, 392, 411-442, 447, 454-455, 462-463, 480-481, 485
/Users/kenji/Downloads/google-cloud-sdk/lib/googlecloudsdk/command_lib/util/concepts/completers.py                                     274    218    20%   62-66, 70-81, 97-116, 161-167, 181, 185, 191-209, 221-225, 231-238, 241-287, 293-303, 308-315, 319-324, 338-356, 360-376, 380-387, 391-397, 413-428, 433-435, 442-457, 462-475, 484-488, 505-549, 554, 560-585
/Users/kenji/Downloads/google-cloud-sdk/lib/googlecloudsdk/command_lib/util/concepts/concept_parsers.py                                115     91    21%   55-59, 96-112, 127-129, 143-162, 166-186, 190-200, 209, 217-224, 231-242, 246-264, 268-281, 287-290
/Users/kenji/Downloads/google-cloud-sdk/lib/googlecloudsdk/command_lib/util/concepts/info_holders.py                                   204    142    30%   56, 61, 82, 93, 103, 118, 153-166, 170, 174, 178, 183-185, 188, 191, 208-213, 217-243, 256-262, 266-281, 285, 290, 298-330, 334-338, 344-350, 362-375, 379-387, 399-407, 410-411, 419, 422, 426-427, 431, 440-450, 453-456, 460-472
/Users/kenji/Downloads/google-cloud-sdk/lib/googlecloudsdk/command_lib/util/concepts/presentation_specs.py                              94     67    29%   82-91, 100, 109, 124, 137, 144-151, 159-169, 191-204, 217, 229-231, 245-255, 277-287, 300, 311-313
/Users/kenji/Downloads/google-cloud-sdk/lib/googlecloudsdk/command_lib/util/concepts/resource_parameter_info.py                         48     34    29%   32-33, 48-64, 68, 80-86, 106-126
/Users/kenji/Downloads/google-cloud-sdk/lib/googlecloudsdk/command_lib/util/declarative/clients/declarative_client_base.py             292    218    25%   94-100, 104-114, 117, 120, 123-125, 133, 143-145, 149-153, 195-244, 249-266, 270-278, 282-288, 292-298, 309, 314, 318, 322, 325-333, 336-341, 345-347, 351-368, 373, 385-433, 437-462, 466-496, 500-509, 526-543, 550-575, 597-612
/Users/kenji/Downloads/google-cloud-sdk/lib/googlecloudsdk/command_lib/util/declarative/clients/kcc_client.py                           51     28    45%   37-48, 54, 63, 67, 73, 76-82, 86-88, 92-103, 107-119
/Users/kenji/Downloads/google-cloud-sdk/lib/googlecloudsdk/command_lib/util/declarative/flags.py                                        65     43    34%   31, 41, 50, 62, 74, 86-96, 110-120, 124-126, 136-140, 145-185, 190-231, 236, 242
/Users/kenji/Downloads/google-cloud-sdk/lib/googlecloudsdk/command_lib/util/declarative/python_command_util.py                          29     20    31%   29-90, 94-99, 103-106
/Users/kenji/Downloads/google-cloud-sdk/lib/googlecloudsdk/command_lib/util/parameter_info_lib.py                                       90     66    27%   32-35, 41, 46, 84-88, 92, 96, 107-116, 127-136, 148, 164-183, 195-205, 217-219
/Users/kenji/Downloads/google-cloud-sdk/lib/googlecloudsdk/command_lib/util/resource_map/base.py                                       254    160    37%   43, 52, 61, 69, 77, 85, 93, 102, 112, 121, 140-144, 148-150, 154, 158-159, 162, 171, 175-181, 185-193, 197, 201, 213-214, 218-220, 233-238, 252-257, 261-263, 267, 279-280, 284-286, 290, 294-295, 298, 301, 304, 307, 310, 314-316, 320-325, 328-333, 336-338, 341-342, 355-357, 382-387, 405-410, 413, 416, 420-430, 433, 436, 439, 442, 445, 448-450, 453, 460-463, 466-469, 472-475, 495-497, 518-522, 540-546, 549, 552-557, 560-563, 566-569, 572-575, 578, 581
/Users/kenji/Downloads/google-cloud-sdk/lib/googlecloudsdk/command_lib/util/resource_map/declarative/declarative_map.py                 12      2    83%   35-36
/Users/kenji/Downloads/google-cloud-sdk/lib/googlecloudsdk/command_lib/util/resource_map/declarative/resource_name_translator.py        80     50    38%   31-39, 52, 67, 71, 75, 79, 83, 88-92, 95-96, 100-110, 115, 123-145, 152-159
/Users/kenji/Downloads/google-cloud-sdk/lib/googlecloudsdk/command_lib/util/time_util.py                                                48     32    33%   34, 39, 44, 48-54, 70-95, 100-106, 110
/Users/kenji/Downloads/google-cloud-sdk/lib/googlecloudsdk/core/cache/cache_update_ops.py                                               46     24    48%   33-34, 42, 46-61, 66, 74, 82, 90-91
/Users/kenji/Downloads/google-cloud-sdk/lib/googlecloudsdk/core/cache/completion_cache.py                                               25     10    60%   81, 94-97, 111, 124-127
/Users/kenji/Downloads/google-cloud-sdk/lib/googlecloudsdk/core/cache/exceptions.py                                                     21      3    86%   32-34
/Users/kenji/Downloads/google-cloud-sdk/lib/googlecloudsdk/core/cache/file_cache.py                                                    148    119    20%   54-76, 80-84, 88-112, 116, 120-129, 133-136, 140-151, 155-164, 168-178, 200-227, 231-234, 238-247, 255-261
/Users/kenji/Downloads/google-cloud-sdk/lib/googlecloudsdk/core/cache/metadata_table.py                                                 95     68    28%   58-60, 66-68, 83-88, 92, 96, 100, 114, 140-191, 215-248, 252, 265-266
/Users/kenji/Downloads/google-cloud-sdk/lib/googlecloudsdk/core/cache/persistent_cache_base.py                                          98     51    48%   77, 103-116, 129, 146-149, 162-164, 180-186, 192-193, 197-200, 205, 217, 228, 250, 272-275, 278, 281, 299-303, 308, 312-313, 318, 327, 349, 361
/Users/kenji/Downloads/google-cloud-sdk/lib/googlecloudsdk/core/cache/resource_cache.py                                                188    138    27%   90-91, 97, 116-117, 129-130, 143, 156, 170-171, 185-190, 242-248, 258-264, 288-296, 300, 317-330, 352-416, 420-424, 428-432, 459-479, 493-495, 505, 520-522, 528-534, 539-550
/Users/kenji/Downloads/google-cloud-sdk/lib/googlecloudsdk/core/cache/sqlite_cache.py                                                  133    102    23%   48, 63-78, 96-107, 111-117, 121-129, 141-147, 151-160, 164-173, 197-228, 232-236, 240-241, 246-251, 259-271, 275-279
/Users/kenji/Downloads/google-cloud-sdk/lib/googlecloudsdk/core/config.py                                                              178     45    75%   103, 118, 133, 161, 197-199, 209, 226, 230-235, 270-271, 276, 325, 364, 375, 385, 439, 444, 449, 460-476, 487, 499, 510, 521, 533-536, 550-552, 563-565, 575, 584
/Users/kenji/Downloads/google-cloud-sdk/lib/googlecloudsdk/core/configurations/named_configs.py                                        248    127    49%   55, 63, 74, 100, 118, 144-145, 147-148, 190-213, 230-248, 262-285, 302-321, 337-369, 394-396, 411-421, 425, 463-465, 492, 545-558, 576, 593-594, 596, 611-612, 631-649, 672-684
/Users/kenji/Downloads/google-cloud-sdk/lib/googlecloudsdk/core/configurations/properties_file.py                                       49     17    65%   65-66, 91, 103-123
/Users/kenji/Downloads/google-cloud-sdk/lib/googlecloudsdk/core/console/console_attr.py                                                330    155    53%   189, 203, 266-267, 270, 272, 285-287, 295-305, 322, 328, 330-334, 348-356, 370-372, 383, 395, 403, 412, 426-433, 452-459, 463-467, 478, 505-531, 543-555, 568-587, 596, 621-624, 627, 630, 633, 636, 639, 642, 645, 648, 658, 689, 708, 725-743, 772, 780-784, 805-827, 842-843
/Users/kenji/Downloads/google-cloud-sdk/lib/googlecloudsdk/core/console/console_attr_os.py                                             129     59    54%   106-115, 154-156, 173-217, 225-258, 270-283
/Users/kenji/Downloads/google-cloud-sdk/lib/googlecloudsdk/core/console/console_io.py                                                  487    366    25%   60, 70, 82, 106, 112-114, 118-121, 137-141, 155-162, 182-205, 214, 226, 259-306, 313-329, 336-339, 356-365, 389-396, 416-435, 453-454, 467-469, 511-596, 618-643, 662-679, 699-706, 736-744, 766-783, 787, 815-842, 847-855, 866-877, 881, 884, 887-888, 891, 906-909, 912, 915-921, 925, 928, 931-932, 935, 942, 945, 948, 952, 955-956, 959, 970-971, 974, 978, 982-983, 986-987, 990, 1002-1037, 1044-1047, 1050-1051, 1054, 1057-1059, 1064-1074, 1098, 1106-1117
/Users/kenji/Downloads/google-cloud-sdk/lib/googlecloudsdk/core/console/console_pager.py                                               143    128    10%   99-122, 126, 140-157, 161-167, 172-299
/Users/kenji/Downloads/google-cloud-sdk/lib/googlecloudsdk/core/console/multiline.py                                                   231    177    23%   84, 103-107, 125-126, 133-139, 143-151, 154-155, 159-169, 191-216, 220-222, 239-294, 297-301, 306, 309-314, 318-327, 330, 333-334, 355-361, 375-376, 381-387, 391-398, 401-402, 406, 410-431, 446-469, 473, 477, 481, 485, 489-498, 502-505, 513-519, 524, 527, 530
/Users/kenji/Downloads/google-cloud-sdk/lib/googlecloudsdk/core/console/progress_tracker.py                                            708    533    25%   78-94, 105-135, 139, 142-148, 152-164, 167-171, 175-187, 190-208, 219, 224, 231-232, 235-245, 256-261, 264-268, 282-286, 300-303, 316-325, 332-334, 337-341, 344, 347-348, 359-361, 364-375, 380, 407-412, 430-436, 439-443, 447-451, 455, 459-477, 481-483, 488, 492, 497, 505, 508, 511, 582-598, 621-630, 634, 638, 642, 669-704, 707, 710, 713, 717, 721, 725-726, 730, 734-735, 739-750, 753-754, 757-761, 764-779, 782-795, 800-805, 810, 814, 825, 829, 832, 844-850, 854-859, 863, 867, 871, 876-879, 883-891, 894, 897, 906-914, 918, 928-940, 950-951, 963-965, 969-971, 974-977, 981-983, 986-989, 1001-1021, 1025-1036, 1040, 1045-1053, 1056-1060, 1071-1075, 1084, 1087, 1091, 1094, 1097-1100, 1108-1110, 1122-1123, 1129, 1132-1135, 1138-1142, 1145-1146, 1149-1150, 1154-1156, 1160, 1164-1182, 1186-1196, 1199-1207, 1211-1217, 1220, 1223, 1235-1239, 1247-1254, 1261-1276, 1279-1283, 1287, 1290, 1293-1294, 1297, 1300, 1311-1316, 1319, 1322-1323, 1326-1342
/Users/kenji/Downloads/google-cloud-sdk/lib/googlecloudsdk/core/console/prompt_completer.py                                            114     97    15%   32, 56-106, 119, 148-163, 167-230, 239-245
/Users/kenji/Downloads/google-cloud-sdk/lib/googlecloudsdk/core/console/style/mappings.py                                               29     12    59%   40-42, 146-158
/Users/kenji/Downloads/google-cloud-sdk/lib/googlecloudsdk/core/console/style/parser.py                                                 85     61    28%   32-33, 37-39, 42-47, 71-72, 76-102, 121-156, 161-167, 172-175
/Users/kenji/Downloads/google-cloud-sdk/lib/googlecloudsdk/core/console/style/text.py                                                   47     12    74%   42, 46, 50, 69-72, 75-76, 79-80, 88
/Users/kenji/Downloads/google-cloud-sdk/lib/googlecloudsdk/core/context_aware.py                                                       100     54    46%   45-46, 57-60, 66, 89-103, 122-144, 167-182, 186, 193-195, 209-215, 219-226
/Users/kenji/Downloads/google-cloud-sdk/lib/googlecloudsdk/core/credentials/creds.py                                                   574    323    44%   90, 94-99, 103-109, 113-116, 120, 125-131, 136-139, 143-146, 150-153, 158, 161, 175, 179, 183, 187, 238-239, 249, 252, 262-266, 271, 297-298, 313-321, 324-329, 353-356, 359-368, 371-376, 384, 433-437, 442, 459-471, 493-521, 562-565, 572, 591, 595-598, 618-629, 633-634, 659, 682-685, 689-697, 750, 755-777, 782-817, 823-867, 883-884, 904-944, 949-983, 1009-1024, 1026-1034, 1044-1068, 1083, 1101-1110, 1136, 1154-1168, 1178-1180, 1184, 1190, 1196-1197, 1201-1210, 1214-1223, 1228-1235, 1240-1251, 1260-1277, 1282-1306, 1326-1336
/Users/kenji/Downloads/google-cloud-sdk/lib/googlecloudsdk/core/credentials/exceptions.py                                               47     21    55%   41-59, 66-70, 79-81, 89-92, 100-101, 116-118, 130-131
/Users/kenji/Downloads/google-cloud-sdk/lib/googlecloudsdk/core/credentials/flow.py                                                    279    180    35%   80, 89-90, 95-102, 120, 124-128, 132-134, 137-139, 142-144, 148-162, 169-182, 210-229, 232-233, 237, 242, 246-249, 254, 278, 310-332, 350, 375-384, 391-395, 404-406, 414-415, 418, 430-431, 442-444, 448-449, 453-457, 469-472, 476-478, 511, 521-532, 535-557, 589-597, 601-602, 605-614, 618, 624-645, 667, 692-701, 723-737, 749, 761-771
/Users/kenji/Downloads/google-cloud-sdk/lib/googlecloudsdk/core/credentials/gce.py                                                      92     46    50%   53-66, 89-92, 126-129, 150-157, 175-184, 204-212, 234-240, 271-278
/Users/kenji/Downloads/google-cloud-sdk/lib/googlecloudsdk/core/credentials/gce_cache.py                                                91     28    69%   39-40, 59-66, 118, 121-124, 131, 146-152, 156-167, 170-173, 178, 195
/Users/kenji/Downloads/google-cloud-sdk/lib/googlecloudsdk/core/credentials/gce_read.py                                                 21      3    86%   58-61
/Users/kenji/Downloads/google-cloud-sdk/lib/googlecloudsdk/core/credentials/google_auth_credentials.py                                 134     83    38%   59, 82, 86-87, 92, 101-119, 122-147, 153-164, 175-185, 196-218, 238-239, 257-271, 287-300, 307-308, 312, 315-316
/Users/kenji/Downloads/google-cloud-sdk/lib/googlecloudsdk/core/credentials/http.py                                                     60     42    30%   71-96, 102, 105-106, 115-119, 127-171
/Users/kenji/Downloads/google-cloud-sdk/lib/googlecloudsdk/core/credentials/introspect.py                                               41     20    51%   66-67, 88-117, 140-151
/Users/kenji/Downloads/google-cloud-sdk/lib/googlecloudsdk/core/credentials/requests.py                                                 62     45    27%   74-86, 95-119, 124-169
/Users/kenji/Downloads/google-cloud-sdk/lib/googlecloudsdk/core/credentials/store.py                                                   459    298    35%   84, 102, 111, 156, 160-163, 174, 178-180, 183, 186-188, 211-214, 248-252, 264-269, 286-287, 308-310, 333-335, 358-360, 410-417, 452-454, 472-476, 541-561, 576-648, 653-671, 676-693, 709, 711, 713, 719, 724, 730, 769-773, 783-820, 829-841, 875-916, 929, 934, 944-945, 961-988, 1006-1024, 1050-1070, 1075-1078, 1090-1098, 1122-1161, 1186-1217, 1240-1246, 1259-1279, 1283, 1287-1290, 1296-1307, 1318-1369, 1383-1384
/Users/kenji/Downloads/google-cloud-sdk/lib/googlecloudsdk/core/credentials/transport.py                                                67     35    48%   52-55, 61-66, 119-137, 157-177, 189-194
/Users/kenji/Downloads/google-cloud-sdk/lib/googlecloudsdk/core/credentials/transports.py                                               21     11    48%   65-91
/Users/kenji/Downloads/google-cloud-sdk/lib/googlecloudsdk/core/document_renderers/devsite_renderer.py                                  88     71    19%   36-38, 42-54, 64-65, 72-83, 87-98, 102-105, 113-145, 157-169, 182
/Users/kenji/Downloads/google-cloud-sdk/lib/googlecloudsdk/core/document_renderers/html_renderer.py                                    234    205    12%   50-61, 96-102, 117-125, 143-173, 187-188, 201, 209-219, 227-243, 247-251, 264-284, 293-297, 307-317, 321-324, 336-348, 359, 372-420, 431-483, 497-524
/Users/kenji/Downloads/google-cloud-sdk/lib/googlecloudsdk/core/document_renderers/linter_renderer.py                                  219    179    18%   45-74, 78-87, 90, 93, 96, 99, 102, 105, 116-123, 137-146, 150-161, 178-189, 194-201, 204-210, 213-225, 228-232, 237-265, 268-270, 273-276, 292-318, 321-356, 359-395, 398-404
/Users/kenji/Downloads/google-cloud-sdk/lib/googlecloudsdk/core/document_renderers/man_renderer.py                                     125    104    17%   42-46, 50-55, 66, 74-77, 85-105, 109-110, 123-135, 144-154, 158-159, 170-190, 202-212, 225-250
/Users/kenji/Downloads/google-cloud-sdk/lib/googlecloudsdk/core/document_renderers/markdown_renderer.py                                 10      2    80%   29, 37
/Users/kenji/Downloads/google-cloud-sdk/lib/googlecloudsdk/core/document_renderers/render_document.py                                  514    460    11%   72-83, 88, 93, 100-103, 117-120, 157-175, 197-238, 261-269, 281-351, 361-367, 371-372, 380-384, 388, 392-404, 418-434, 447-459, 475-515, 535-563, 603-669, 680-682, 693-709, 725-774, 797-824, 837-843, 854-863, 877-879, 890-896, 900-935, 956-961, 969-971, 977-1001, 1006
/Users/kenji/Downloads/google-cloud-sdk/lib/googlecloudsdk/core/document_renderers/renderer.py                                         108     72    33%   46-48, 62-64, 68-70, 83-106, 134-144, 149, 153, 157, 161, 174, 187, 191, 204, 212, 221, 225, 237-244, 255, 264, 275-286
/Users/kenji/Downloads/google-cloud-sdk/lib/googlecloudsdk/core/document_renderers/text_renderer.py                                    200    174    13%   46-47, 50-59, 63-67, 82-108, 117-120, 131-147, 151-152, 165-175, 184-198, 202-205, 215-237, 249-254, 267-270, 284-296, 309-334, 348-387
/Users/kenji/Downloads/google-cloud-sdk/lib/googlecloudsdk/core/exceptions.py                                                           55     25    55%   71, 83-99, 106, 130-137, 140, 145-146, 151-154, 179-188
/Users/kenji/Downloads/google-cloud-sdk/lib/googlecloudsdk/core/execution_utils.py                                                     418    338    19%   56, 65, 76-130, 138, 141, 177-187, 196, 212-233, 254, 274, 289, 296-300, 307-308, 312-326, 333-339, 344-348, 359-396, 433-457, 484-503, 508-522, 531-552, 557-573, 613-679, 722-784, 800-804, 809-812, 825, 841-908, 927-942, 951-966, 978-985
/Users/kenji/Downloads/google-cloud-sdk/lib/googlecloudsdk/core/feature_flags/config.py                                                101     69    32%   37-43, 54-59, 65-69, 78-89, 108-130, 138-140, 144-161, 173-183
/Users/kenji/Downloads/google-cloud-sdk/lib/googlecloudsdk/core/gapic_util.py                                                           36     22    39%   58-77, 94-95, 115-119, 143-145, 170-172
/Users/kenji/Downloads/google-cloud-sdk/lib/googlecloudsdk/core/http.py                                                                 97     57    41%   56-59, 78-98, 106-118, 139, 142-152, 155-163, 171-173, 183-185, 204-208, 211-214, 224
/Users/kenji/Downloads/google-cloud-sdk/lib/googlecloudsdk/core/http_proxy.py                                                           35     24    31%   44-63, 68-87, 112-123
/Users/kenji/Downloads/google-cloud-sdk/lib/googlecloudsdk/core/local_file_adapter.py                                                   34     22    35%   34-43, 55-69
/Users/kenji/Downloads/google-cloud-sdk/lib/googlecloudsdk/core/log.py                                                                 479    177    63%   103, 175-177, 195-203, 207, 229, 232, 241-242, 268, 320, 328, 384-401, 420-439, 452-459, 463-467, 471, 478-481, 498-504, 508-529, 612, 640, 668, 687, 705, 718, 725-732, 745-746, 759-762, 766-775, 794, 797-799, 818-822, 885, 903-912, 942, 965, 977-982, 992, 1006, 1016, 1033, 1036-1037, 1040-1041, 1080-1083, 1095-1100, 1109, 1136-1164, 1178, 1192, 1209, 1230, 1244, 1258, 1276
/Users/kenji/Downloads/google-cloud-sdk/lib/googlecloudsdk/core/metrics.py                                                             421     68    84%   167, 253, 255, 368, 370, 376, 378, 381, 383, 416, 448, 470-474, 482, 488, 544, 557, 561, 607, 632-635, 639-640, 649, 653, 665-667, 675, 678, 689-690, 695-697, 705-709, 720-724, 735-737, 761-765, 781, 793, 828, 845, 872, 917-919, 935-937, 947-949, 962-964
/Users/kenji/Downloads/google-cloud-sdk/lib/googlecloudsdk/core/metrics_reporter.py                                                     27      4    85%   43-45, 72-73
/Users/kenji/Downloads/google-cloud-sdk/lib/googlecloudsdk/core/module_util.py                                                          62     47    24%   55-77, 82-83, 98-118, 123-136
/Users/kenji/Downloads/google-cloud-sdk/lib/googlecloudsdk/core/properties.py                                                         1288    201    84%   110-115, 121-124, 145, 154-158, 163-168, 187, 201, 215, 224-249, 274, 621-624, 636, 695-704, 756, 759, 762, 765, 768, 774, 834-837, 849, 860, 899, 911-914, 941-971, 976-979, 989-992, 1272-1275, 1335-1339, 2023-2026, 2050, 2053-2055, 2078-2094, 2118, 2120, 2688-2692, 2804, 3427, 3431, 3435, 3445, 3448, 3451, 3454, 3460, 3473, 3527, 3547-3550, 3609, 3626, 3657-3660, 3673-3684, 3720, 3724, 3740-3745, 3749, 3776-3798, 3828, 3841, 3855-3859, 3885-3887, 3893, 3901, 3926, 3928, 3934, 3985-3986, 4004, 4010, 4014, 4030-4035
/Users/kenji/Downloads/google-cloud-sdk/lib/googlecloudsdk/core/requests.py                                                            246    142    42%   47-48, 95-101, 116, 122, 144-145, 151-161, 176, 183-203, 208, 238, 242, 250-251, 262-266, 270-275, 279-291, 296, 298, 310-322, 332-342, 360, 364-366, 369-374, 382, 393-395, 400, 406, 409-411, 416-431, 449, 460-468, 472-486, 498-529, 581-604
/Users/kenji/Downloads/google-cloud-sdk/lib/googlecloudsdk/core/resource/config_printer.py                                              86     68    21%   44-62, 73-97, 105, 110-112, 124-139, 149-161, 172-175
/Users/kenji/Downloads/google-cloud-sdk/lib/googlecloudsdk/core/resource/csv_printer.py                                                 57     41    28%   48-55, 69-77, 98-130, 155-160, 171
/Users/kenji/Downloads/google-cloud-sdk/lib/googlecloudsdk/core/resource/diff_printer.py                                                30     19    37%   40-43, 67-79, 90-95
/Users/kenji/Downloads/google-cloud-sdk/lib/googlecloudsdk/core/resource/flattened_printer.py                                           74     59    20%   52-96, 112-124, 153, 162-166, 175-193
/Users/kenji/Downloads/google-cloud-sdk/lib/googlecloudsdk/core/resource/json_printer.py                                                38     10    74%   84-88, 91-92, 99, 101-102
/Users/kenji/Downloads/google-cloud-sdk/lib/googlecloudsdk/core/resource/list_printer.py                                                37     25    32%   29-33, 47-55, 66-73, 82-85
/Users/kenji/Downloads/google-cloud-sdk/lib/googlecloudsdk/core/resource/object_printer.py                                              21     12    43%   39-43, 52-58
/Users/kenji/Downloads/google-cloud-sdk/lib/googlecloudsdk/core/resource/resource_expr.py                                              366    266    27%   49-52, 58-62, 77-82, 106-161, 181-202, 219, 222, 225, 228, 231, 234, 237, 240, 258, 271, 274, 277, 280, 283, 286, 289, 300, 313, 317, 327, 339-341, 351-355, 365-369, 376-377, 380, 391-392, 395, 419-424, 433-455, 474-481, 499-518, 522, 526, 536-586, 599, 606, 613, 621-633, 638, 655, 663, 684-733, 740, 757-769, 776, 779, 786, 793, 800-801, 804-807, 814-815, 818-821
/Users/kenji/Downloads/google-cloud-sdk/lib/googlecloudsdk/core/resource/resource_expr_rewrite.py                                      180    129    28%   63, 67, 74-75, 95-97, 114-128, 131-133, 137, 141, 145, 149, 153, 158, 163-170, 184-213, 226-229, 249-272, 275, 279-291, 295-305, 308-312, 315, 318, 321, 324, 327, 330, 333, 336, 339, 342, 345, 348, 362, 367, 372, 376, 380-386
/Users/kenji/Downloads/google-cloud-sdk/lib/googlecloudsdk/core/resource/resource_filter.py                                            175    146    17%   124-147, 171-173, 189-197, 213-227, 242-339, 351-353, 364-367, 382-391, 402-405, 419-425, 436-441, 455-461, 479-485, 490-496, 517
/Users/kenji/Downloads/google-cloud-sdk/lib/googlecloudsdk/core/resource/resource_keys_expr.py                                          65     32    51%   41, 46, 49, 52, 55, 58, 61, 64, 67, 70, 73, 76, 79, 82, 85, 88, 91, 101, 112, 124-126, 129-131, 138-139, 142-143, 151-153
/Users/kenji/Downloads/google-cloud-sdk/lib/googlecloudsdk/core/resource/resource_lex.py                                               376    271    28%   112-117, 120-129, 133, 145-146, 149, 155, 160, 177-181, 186, 191, 195, 199, 203, 207-228, 243-245, 318-324, 348, 368-370, 375-377, 391-401, 441-448, 451, 454-457, 459, 461-470, 473, 484, 494-500, 520-549, 553-565, 594-633, 637-638, 680-724, 744-767, 782-823, 842-847, 873-894
/Users/kenji/Downloads/google-cloud-sdk/lib/googlecloudsdk/core/resource/resource_printer.py                                            73     26    64%   85-86, 120-129, 133-140, 184-186, 198, 230, 233-234, 259-262
/Users/kenji/Downloads/google-cloud-sdk/lib/googlecloudsdk/core/resource/resource_printer_base.py                                      111     38    66%   72, 79, 86, 151, 160-164, 166, 170-174, 177-179, 190, 194-199, 210, 219, 233, 244-248, 256, 264-265, 282-283, 286, 298-299, 306
/Users/kenji/Downloads/google-cloud-sdk/lib/googlecloudsdk/core/resource/resource_projection_parser.py                                 271    200    26%   127-140, 168-181, 190-275, 284-304, 318-368, 379-421, 431-440, 452-469, 498-504, 506, 508-509, 514
/Users/kenji/Downloads/google-cloud-sdk/lib/googlecloudsdk/core/resource/resource_projection_spec.py                                   116     35    70%   50-59, 110-111, 138, 152, 162, 174-179, 188, 196-197, 207, 216, 280, 302, 319, 328-329, 354-359, 367-368
/Users/kenji/Downloads/google-cloud-sdk/lib/googlecloudsdk/core/resource/resource_projector.py                                         237    126    47%   84, 127, 129, 143-145, 160, 164, 187-190, 195-196, 203, 206-207, 210, 213-220, 237, 241-242, 246-253, 261-262, 276-374, 405, 407, 413, 418-422, 426, 429, 432, 438, 441-442, 445, 453, 459-465, 513-514, 518, 520-532, 567, 570
/Users/kenji/Downloads/google-cloud-sdk/lib/googlecloudsdk/core/resource/resource_property.py                                          175    152    13%   52-58, 88-97, 102-103, 108, 113, 118-126, 131-140, 170-190, 217-224, 253-369, 374, 397-429
/Users/kenji/Downloads/google-cloud-sdk/lib/googlecloudsdk/core/resource/resource_reference.py                                          24     15    38%   48-68
/Users/kenji/Downloads/google-cloud-sdk/lib/googlecloudsdk/core/resource/resource_transform.py                                         508    442    13%   65-78, 84-85, 99, 120, 133-142, 156, 183-188, 205-215, 240-313, 337-352, 399-454, 469-478, 494-505, 519-521, 535-539, 553, 573-584, 602-606, 631-650, 681-695, 720-728, 748-773, 793-794, 808, 828-832, 844-847, 865-876, 888-890, 919-920, 932-935, 951-990, 1010-1024, 1038-1047, 1069-1129, 1171-1192, 1210-1217, 1234-1240, 1266-1276, 1323-1324, 1336-1338, 1352-1375, 1390, 1406-1417, 1433-1442, 1523-1530
/Users/kenji/Downloads/google-cloud-sdk/lib/googlecloudsdk/core/resource/table_printer.py                                              465    430     8%   45-56, 61-63, 78-80, 83, 86, 89, 105-110, 155-213, 224, 228-233, 241-283, 287-292, 296-301, 305-702, 706-709
/Users/kenji/Downloads/google-cloud-sdk/lib/googlecloudsdk/core/resource/yaml_printer.py                                                70     52    26%   65-116, 131-141, 150-161
/Users/kenji/Downloads/google-cloud-sdk/lib/googlecloudsdk/core/resources.py                                                           475    354    25%   69, 77, 87, 97, 108, 125-128, 135-140, 147, 157, 165-168, 181-182, 202-214, 262-320, 331, 338-341, 367-384, 387-391, 394, 399-402, 405, 408-411, 430-436, 441, 449, 454, 477-507, 510, 513-515, 518, 521, 524, 529, 534-540, 552, 564, 575, 586, 601, 611, 632-634, 637-641, 662-679, 699-725, 731-732, 744-752, 756, 760, 787, 801-819, 831-852, 857-876, 892-899, 937-956, 961-968, 1000-1070, 1077-1082, 1087-1101, 1137-1190, 1205, 1208-1210, 1219-1233, 1239-1244
/Users/kenji/Downloads/google-cloud-sdk/lib/googlecloudsdk/core/survey/survey_check.py                                                  67     28    58%   58, 65-68, 71-76, 80, 84-85, 103, 110-118, 124-126, 129-131
/Users/kenji/Downloads/google-cloud-sdk/lib/googlecloudsdk/core/transport.py                                                           234    179    24%   73-76, 116-118, 175-211, 231-270, 293-294, 298-302, 315-331, 344-359, 372-384, 398-413, 428-474, 488-512, 522-527, 537-543, 558, 582, 588-600, 605-620
/Users/kenji/Downloads/google-cloud-sdk/lib/googlecloudsdk/core/updater/installers.py                                                  144     97    33%   60, 74, 100-135, 149-172, 189-195, 217-257, 284-292, 314-325, 351-367
/Users/kenji/Downloads/google-cloud-sdk/lib/googlecloudsdk/core/updater/local_state.py                                                 312    200    36%   56, 67, 82, 105-121, 147, 157-159, 184-187, 200, 217-218, 227, 238-245, 254-261, 266, 280, 299-341, 359-377, 395-407, 423-436, 444, 452-454, 464-467, 477-480, 490-493, 505, 527-533, 547-590, 595-598, 610-616, 631-683, 718-721, 729-731, 763-765, 773-783, 788-803
/Users/kenji/Downloads/google-cloud-sdk/lib/googlecloudsdk/core/updater/release_notes.py                                                76     55    28%   80-94, 105-113, 124-127, 138-141, 164-178, 193-232
/Users/kenji/Downloads/google-cloud-sdk/lib/googlecloudsdk/core/updater/schemas.py                                                     426    171    60%   67, 90, 118, 148, 151, 159-160, 164-168, 181-187, 200-205, 218-221, 224, 243-246, 270-273, 303-309, 352-356, 390-406, 420, 439-442, 493-504, 552-556, 569-582, 617-620, 638-647, 690-696, 723-765, 803-808, 841-846, 899-908, 923-927, 930-935, 962-967
/Users/kenji/Downloads/google-cloud-sdk/lib/googlecloudsdk/core/updater/snapshots.py                                                   391    251    36%   54-67, 74, 82-84, 127, 165-180, 198-217, 234-241, 267, 277, 282, 287, 305, 324-334, 356, 368, 384-385, 401-402, 420-424, 446-452, 481-503, 517, 521-524, 537-559, 576-587, 622-658, 664, 677-700, 703-706, 714, 722, 730, 738, 746, 749-753, 757, 781-814, 834-910, 922, 934, 962-965, 969, 973, 977, 981, 985, 989, 993, 997, 1001, 1033-1049, 1054-1077, 1080, 1096, 1110
/Users/kenji/Downloads/google-cloud-sdk/lib/googlecloudsdk/core/updater/update_check.py                                                 85     41    52%   64, 70-73, 79-81, 97, 105, 131, 153-173, 185-200, 208-209, 234-244
/Users/kenji/Downloads/google-cloud-sdk/lib/googlecloudsdk/core/updater/update_manager.py                                              648    503    22%   105-111, 116, 135-150, 192, 216, 236-239, 259-262, 272-278, 298-299, 337, 344, 349-350, 354, 385-388, 412-440, 454-458, 469-474, 498-564, 584-609, 612, 633-670, 673-688, 691-696, 707-717, 735-743, 762-771, 780-793, 802-816, 830-839, 850-863, 873-884, 899-906, 909-913, 938-947, 981-1142, 1152-1155, 1172-1213, 1217-1245, 1256, 1271, 1287-1360, 1368-1394, 1402-1404, 1418, 1434-1495, 1498, 1520-1563, 1566, 1569, 1585-1618, 1625-1628, 1633, 1637-1670, 1686-1718
/Users/kenji/Downloads/google-cloud-sdk/lib/googlecloudsdk/core/util/encoding.py                                                        68     38    44%   39, 44-49, 67, 76-81, 90-140, 184-185, 199-204, 209
/Users/kenji/Downloads/google-cloud-sdk/lib/googlecloudsdk/core/util/files.py                                                          510    359    30%   83-102, 123, 130-138, 148-150, 174-179, 199-212, 223-240, 256-262, 267-273, 293-310, 339, 357-370, 375, 396-406, 425-439, 443-446, 473-489, 505-554, 559, 571-575, 579, 582, 585-591, 594-600, 608-609, 620-621, 632-638, 657-679, 687, 696, 709, 722, 730, 733-735, 738, 770-777, 790-811, 822-832, 836-837, 841-847, 857-859, 862-863, 873-875, 878-879, 901-918, 928-935, 944-949, 973-1007, 1012-1020, 1045-1060, 1078-1081, 1099-1102, 1128-1146, 1170-1182, 1186-1187, 1236-1237, 1273, 1293, 1295, 1297, 1300-1306, 1321, 1326-1327, 1331-1333, 1351-1362, 1367-1370
/Users/kenji/Downloads/google-cloud-sdk/lib/googlecloudsdk/core/util/http_encoding.py                                                   12      6    50%   25-27, 32-34
/Users/kenji/Downloads/google-cloud-sdk/lib/googlecloudsdk/core/util/importing.py                                                       85     15    82%   32-42, 56, 71, 84, 91, 108, 112-116
/Users/kenji/Downloads/google-cloud-sdk/lib/googlecloudsdk/core/util/iso_duration.py                                                   278    153    45%   56, 86-93, 129, 149, 154, 158, 162, 166, 170, 193, 198-222, 248-249, 252, 255, 263, 265-267, 269, 276, 278, 280, 283-290, 292-293, 299, 303, 305, 327-397, 409-413, 435-436, 438-439, 443-444, 446-447, 451-452, 454-455, 461-462, 468-469, 471-472, 480-485, 491-495
/Users/kenji/Downloads/google-cloud-sdk/lib/googlecloudsdk/core/util/keyboard_interrupt.py                                              23     11    52%   38-49, 56-60
/Users/kenji/Downloads/google-cloud-sdk/lib/googlecloudsdk/core/util/lazy_regex.py                                                      27      2    93%   50-51
/Users/kenji/Downloads/google-cloud-sdk/lib/googlecloudsdk/core/util/parallel.py                                                       214    132    38%   73, 91, 96, 100, 104, 119, 123, 128, 131-132, 135, 143, 147, 151, 171-178, 181-186, 197-210, 213, 220-222, 237, 240-249, 252, 263-275, 288-289, 292, 295, 298, 309, 312, 315, 322, 325-334, 337-339, 342-346, 358-359, 363, 367-370, 374, 380, 386-388, 391-400, 407-410, 413-418, 421-426, 429-435, 456-459
/Users/kenji/Downloads/google-cloud-sdk/lib/googlecloudsdk/core/util/peek_iterable.py                                                  107     81    24%   42-44, 47, 51-65, 69, 73-89, 93, 100-101, 105, 109, 129-130, 134, 167-171, 174, 178-202, 206, 210-222
/Users/kenji/Downloads/google-cloud-sdk/lib/googlecloudsdk/core/util/pkg_resources.py                                                  126     46    63%   37, 62-66, 89-101, 107-111, 133-136, 148-155, 160-184, 191, 196, 248-251
/Users/kenji/Downloads/google-cloud-sdk/lib/googlecloudsdk/core/util/platforms.py                                                      216     87    60%   36-58, 78, 96, 105, 113, 116, 121, 126, 129, 145, 163-171, 182, 184, 187-189, 194, 210, 219, 222, 227, 230, 235, 240, 243, 268, 286-294, 321, 356, 361, 373, 396-400, 407, 427-437, 464, 468, 471, 497, 503-504, 511, 517-521, 525, 534
/Users/kenji/Downloads/google-cloud-sdk/lib/googlecloudsdk/core/util/prompt_helper.py                                                   95     47    51%   54-58, 62, 66, 69, 72, 76, 80, 84-85, 92-94, 97-100, 103-113, 120, 124, 144, 148-163, 167-174
/Users/kenji/Downloads/google-cloud-sdk/lib/googlecloudsdk/core/util/retry.py                                                          125     89    29%   35-36, 55-57, 64-67, 70, 106-111, 114-118, 133-155, 177-202, 223-258, 300-312, 318, 322
/Users/kenji/Downloads/google-cloud-sdk/lib/googlecloudsdk/core/util/scaled_integer.py                                                  73     55    25%   65-67, 72-81, 101-126, 145, 168-179, 196, 211-215, 232-243, 263
/Users/kenji/Downloads/google-cloud-sdk/lib/googlecloudsdk/core/util/semver.py                                                         123     80    35%   88, 94-108, 115, 128-150, 162-169, 180-183, 186, 191, 194, 197, 200, 203, 243-244, 247, 250, 257-266, 269-272, 275-278, 281-284, 287-290, 293-296, 300-310
/Users/kenji/Downloads/google-cloud-sdk/lib/googlecloudsdk/core/util/text.py                                                            24     14    42%   35-37, 49, 54, 77-85
/Users/kenji/Downloads/google-cloud-sdk/lib/googlecloudsdk/core/util/times.py                                                          229    150    34%   102-112, 117-122, 146, 176-179, 220-223, 236, 261-273, 303-374, 386, 401-405, 410, 415-423, 444-488, 510-511, 571, 585, 601-605, 620-623
/Users/kenji/Downloads/google-cloud-sdk/lib/googlecloudsdk/core/yaml.py                                                                 78     40    49%   40-41, 83-87, 94, 101, 134, 137-138, 158-163, 189-198, 217-227, 243-244, 259, 274, 289, 294, 299, 303-307
/Users/kenji/Downloads/google-cloud-sdk/lib/googlecloudsdk/core/yaml_location_value.py                                                  78     46    41%   51, 84-85, 89-97, 100-108, 111-123, 126, 129, 132, 135, 138, 142-145, 149-152, 156-159, 178-180
/Users/kenji/Downloads/google-cloud-sdk/lib/googlecloudsdk/core/yaml_validator.py                                                       74     39    47%   64-65, 99-106, 110-111, 122-123, 127, 140-145, 157-189, 203
/Users/kenji/Downloads/google-cloud-sdk/lib/googlecloudsdk/gcloud_main.py                                                               96     24    75%   56, 64-65, 71, 76, 83, 91, 96-97, 115, 118, 140, 166-167, 176, 191-225, 229-232
/Users/kenji/Downloads/google-cloud-sdk/lib/googlecloudsdk/generated_clients/apis/apis_map.py                                           62     19    69%   48, 52, 55-56, 61, 88, 95, 99, 102-103, 107, 129, 133, 137, 140, 144, 147-148, 151
/Users/kenji/Downloads/google-cloud-sdk/lib/surface/config/config_helper.py                                                             27      1    96%   102
/Users/kenji/Downloads/google-cloud-sdk/lib/surface/container/__init__.py                                                               25      9    64%   56-58, 77-79, 98-100
/Users/kenji/Downloads/google-cloud-sdk/lib/third_party/apitools/base/protorpclite/message_types.py                                     37     21    43%   66, 79-91, 95-119
/Users/kenji/Downloads/google-cloud-sdk/lib/third_party/apitools/base/protorpclite/messages.py                                         613    329    46%   140, 199-202, 219, 225, 251-254, 264-267, 275-278, 302, 319, 327, 332, 338, 358, 374, 385, 396, 399, 423-440, 453, 458, 461, 464, 467, 477, 481-483, 487-489, 493-495, 499-501, 505-507, 511-513, 517-519, 534, 544, 625, 650, 656, 786-797, 807-829, 837-842, 877, 892-898, 908-918, 922, 938-940, 954-956, 972-975, 1000-1008, 1039-1045, 1059, 1079-1084, 1101-1104, 1116-1120, 1125, 1129-1130, 1134-1138, 1142-1144, 1148-1150, 1154-1155, 1209, 1215, 1221, 1227, 1230, 1242-1251, 1275, 1285-1296, 1299-1305, 1325-1340, 1363-1388, 1402, 1447-1450, 1455, 1459, 1528-1546, 1625, 1646-1654, 1659-1668, 1678, 1692-1697, 1711-1716, 1778, 1784, 1808, 1811, 1816-1826, 1834-1843, 1908-2005
/Users/kenji/Downloads/google-cloud-sdk/lib/third_party/apitools/base/protorpclite/protojson.py                                        186    144    23%   68-72, 75-80, 99-100, 110-133, 165-176, 190-192, 209-216, 229-254, 264-322, 334-371, 389-391
/Users/kenji/Downloads/google-cloud-sdk/lib/third_party/apitools/base/protorpclite/util.py                                              95     64    33%   138-141, 151-156, 174-195, 200-202, 215-218, 226, 239, 259-307
/Users/kenji/Downloads/google-cloud-sdk/lib/third_party/apitools/base/py/encoding_helper.py                                            422    308    27%   64-67, 95-98, 112, 117-118, 123, 129, 134, 140-147, 152, 157, 190-248, 252-256, 260-262, 267-281, 285-289, 299-301, 304-312, 324-345, 348-359, 371-388, 394-414, 419-430, 435-456, 460-461, 466-485, 490-499, 504-510, 529-540, 559-569, 595, 598, 619, 624-625, 651, 655, 664, 678, 683, 689-697, 701-708, 717-733, 738-746, 751-756, 779-808
/Users/kenji/Downloads/google-cloud-sdk/lib/third_party/apitools/base/py/exceptions.py                                                  62     21    66%   56-62, 65, 69-71, 78, 82-87, 185-186, 190
/Users/kenji/Downloads/google-cloud-sdk/lib/third_party/apitools/base/py/extra_types.py                                                143     76    47%   35, 78-83, 89-103, 107-108, 113-114, 123-138, 143-144, 151, 212-213, 217-222, 226, 230, 234-242, 259-260, 264-266, 275-286, 291, 300-304, 308-309
/Users/kenji/Downloads/google-cloud-sdk/lib/third_party/apitools/base/py/http_wrapper.py                                               175    124    29%   40-41, 95-116, 124-129, 133, 137-140, 144, 149-159, 171, 183-198, 202, 206-207, 211, 216-225, 241-244, 249, 262-308, 340-359, 385-407, 414, 418-422
/Users/kenji/Downloads/google-cloud-sdk/lib/third_party/apitools/base/py/list_pager.py                                                  42     35    17%   36-41, 54-61, 105-135
/Users/kenji/Downloads/google-cloud-sdk/lib/third_party/apitools/base/py/util.py                                                        94     70    26%   35, 54-55, 68-76, 82-88, 94-102, 107-141, 160-163, 181-198, 204, 227-237
/Users/kenji/Downloads/google-cloud-sdk/lib/third_party/appdirs/__init__.py                                                            257    218    15%   29-39, 77-97, 131-163, 195-203, 236-254, 290-311, 345-353, 388-404, 411-415, 419, 424, 429, 434, 439, 444, 449, 460-476, 480-503, 507-530, 533-556, 559-571, 577-608
/Users/kenji/Downloads/google-cloud-sdk/lib/third_party/argcomplete/__init__.py                                                        347    290    16%   18-24, 39-44, 48-54, 60-103, 106, 170-229, 232-256, 265-316, 319-333, 336-344, 347-364, 370-373, 376-441, 450-470, 476-494, 506-512, 526-560, 581-590, 623, 628-638, 648
/Users/kenji/Downloads/google-cloud-sdk/lib/third_party/argcomplete/compat.py                                                           16      7    56%   11, 17-19, 23-25
/Users/kenji/Downloads/google-cloud-sdk/lib/third_party/argcomplete/completers.py                                                       67     42    37%   11-14, 21-25, 28, 40, 46-60, 70-71, 77-90, 94, 102, 108
/Users/kenji/Downloads/google-cloud-sdk/lib/third_party/argcomplete/my_argparse.py                                                     180    171     5%   14-28, 34-42, 49-56, 65-331
/Users/kenji/Downloads/google-cloud-sdk/lib/third_party/argcomplete/my_shlex.py                                                        243    219    10%   37-85, 89-91, 96-106, 110-115, 119-147, 150-298, 302-308, 312-316, 319, 322-325
/Users/kenji/Downloads/google-cloud-sdk/lib/third_party/argcomplete/shellintegration.py                                                 10      7    30%   52-62
/Users/kenji/Downloads/google-cloud-sdk/lib/third_party/argparse/__init__.py                                                          1184    642    46%   95-97, 106-113, 143-149, 152, 155, 159-161, 208-209, 212-214, 227, 233, 237, 241-242, 256-259, 262-263, 266-267, 275-290, 293-294, 313, 317, 324-398, 405-497, 500-504, 508-551, 554-574, 577-590, 593-609, 612-622, 625-633, 636-637, 640-641, 645, 656, 667, 678-684, 692-701, 712-713, 716-720, 807-818, 821, 838, 842, 879, 929-935, 948-950, 963, 974-976, 987, 996-997, 1007, 1015-1016, 1027-1033, 1036-1041, 1076, 1090, 1098, 1103-1106, 1113-1114, 1135-1136, 1140-1153, 1156-1158, 1173, 1178, 1181, 1184, 1258, 1261-1264, 1281-1283, 1293, 1295, 1300, 1306, 1316-1318, 1335-1336, 1342, 1346-1382, 1386-1398, 1407-1410, 1428-1429, 1444-1446, 1454-1455, 1459-1460, 1463-1467, 1472-1481, 1513-1514, 1520-1522, 1525-1530, 1533-1534, 1570-1571, 1585, 1610, 1612, 1617, 1625-1631, 1637-1646, 1653, 1659-1661, 1686, 1690, 1703-1707, 1712, 1716, 1737-1738, 1740-1742, 1747, 1753-1757, 1769-1771, 1801-1804, 1826-1827, 1832-1863, 1914, 1931, 1936-1938, 1952, 1957-1959, 1963-1974, 1981-2006, 2009, 2018-2025, 2049, 2061-2101, 2104-2145, 2158, 2162, 2166, 2170, 2178, 2198-2204, 2210-2214, 2224, 2233-2235, 2243-2244, 2251-2260, 2267-2270, 2276-2279, 2282-2302, 2305-2312, 2321-2323, 2326-2328, 2331-2336, 2339-2342, 2348-2350, 2361-2362
/Users/kenji/Downloads/google-cloud-sdk/lib/third_party/cachetools/__init__.py                                                          87     73    16%   23-26, 36-74, 84-124
/Users/kenji/Downloads/google-cloud-sdk/lib/third_party/cachetools/abc.py                                                               29     16    45%   7-8, 27-30, 35-42, 45-49
/Users/kenji/Downloads/google-cloud-sdk/lib/third_party/cachetools/cache.py                                                             61     38    38%   9, 12, 15, 24-30, 33, 41-44, 47-60, 63-65, 68, 71, 74, 77, 82, 87, 92
/Users/kenji/Downloads/google-cloud-sdk/lib/third_party/cachetools/keys.py                                                              25     14    44%   20-23, 26, 29, 32, 43-46, 52-55
/Users/kenji/Downloads/google-cloud-sdk/lib/third_party/cachetools/lfu.py                                                               23     14    39%   12-13, 16-18, 21-22, 25-26, 30-35
/Users/kenji/Downloads/google-cloud-sdk/lib/third_party/cachetools/lru.py                                                               34     23    32%   12-13, 16-18, 21-22, 25-26, 30-35, 40-50
/Users/kenji/Downloads/google-cloud-sdk/lib/third_party/cachetools/rr.py                                                                20     11    45%   10, 17-22, 27, 31-36
/Users/kenji/Downloads/google-cloud-sdk/lib/third_party/cachetools/ttl.py                                                              165    124    25%   7-8, 18-19, 22, 25-28, 34-35, 38-41, 44-49, 52, 55, 58, 65-70, 73-78, 81-90, 93-105, 108-112, 115-122, 125-132, 135-142, 145-147, 151-153, 158, 163, 167-178, 181-183, 186-187, 190-191, 194-195, 203-210, 215-223
/Users/kenji/Downloads/google-cloud-sdk/lib/third_party/certifi/core.py                                                                 10      3    70%   16-17, 28
/Users/kenji/Downloads/google-cloud-sdk/lib/third_party/chardet/__init__.py                                                             11      7    36%   31-39
/Users/kenji/Downloads/google-cloud-sdk/lib/third_party/chardet/big5prober.py                                                           16      6    62%   36-39, 43, 47
/Users/kenji/Downloads/google-cloud-sdk/lib/third_party/chardet/chardistribution.py                                                    117     83    29%   49-59, 65-68, 72-82, 88-98, 103, 110, 115-118, 125-129, 134-137, 144-148, 153-156, 163-167, 172-175, 182-189, 194-197, 204-214, 219-222, 229-233
/Users/kenji/Downloads/google-cloud-sdk/lib/third_party/chardet/charsetgroupprober.py                                                   72     61    15%   34-37, 40-47, 51-55, 59-63, 66-83, 86-106
/Users/kenji/Downloads/google-cloud-sdk/lib/third_party/chardet/charsetprober.py                                                        55     36    35%   40-42, 45, 49, 52, 56, 59, 63-64, 81-101, 115-145
/Users/kenji/Downloads/google-cloud-sdk/lib/third_party/chardet/codingstatemachine.py                                                   28     18    36%   56-61, 64, 69-78, 81, 84, 88
/Users/kenji/Downloads/google-cloud-sdk/lib/third_party/chardet/compat.py                                                               10      4    60%   26-29
/Users/kenji/Downloads/google-cloud-sdk/lib/third_party/chardet/cp949prober.py                                                          16      6    62%   36-41, 45, 49
/Users/kenji/Downloads/google-cloud-sdk/lib/third_party/chardet/enums.py                                                                35      1    97%   62
/Users/kenji/Downloads/google-cloud-sdk/lib/third_party/chardet/escprober.py                                                            58     45    22%   43-56, 59-67, 71, 75, 78-81, 84-101
/Users/kenji/Downloads/google-cloud-sdk/lib/third_party/chardet/eucjpprober.py                                                          49     34    31%   38-42, 45-46, 50, 54, 57-87, 90-92
/Users/kenji/Downloads/google-cloud-sdk/lib/third_party/chardet/euckrprober.py                                                          16      6    62%   36-39, 43, 47
/Users/kenji/Downloads/google-cloud-sdk/lib/third_party/chardet/euctwprober.py                                                          16      6    62%   35-38, 42, 46
/Users/kenji/Downloads/google-cloud-sdk/lib/third_party/chardet/gb2312prober.py                                                         16      6    62%   35-38, 42, 46
/Users/kenji/Downloads/google-cloud-sdk/lib/third_party/chardet/hebrewprober.py                                                         77     48    38%   155-162, 165-171, 175-176, 179, 193, 223-253, 259-280, 284, 289-292
/Users/kenji/Downloads/google-cloud-sdk/lib/third_party/chardet/jpcntx.py                                                               81     61    25%   124-129, 132-141, 144-168, 171, 175-178, 181, 185-186, 190, 193-210, 214-231
/Users/kenji/Downloads/google-cloud-sdk/lib/third_party/chardet/latin1prober.py                                                         52     29    44%   98-101, 104-106, 110, 114, 117-128, 131-145
/Users/kenji/Downloads/google-cloud-sdk/lib/third_party/chardet/mbcharsetprober.py                                                      44     33    25%   40-43, 46-51, 55, 59, 62-88, 91
/Users/kenji/Downloads/google-cloud-sdk/lib/third_party/chardet/mbcsgroupprober.py                                                      14      3    79%   43-54
/Users/kenji/Downloads/google-cloud-sdk/lib/third_party/chardet/sbcharsetprober.py                                                      75     60    20%   40-51, 54-61, 65-68, 72-75, 78-122, 125-132
/Users/kenji/Downloads/google-cloud-sdk/lib/third_party/chardet/sbcsgroupprober.py                                                      19      8    58%   45-73
/Users/kenji/Downloads/google-cloud-sdk/lib/third_party/chardet/sjisprober.py                                                           49     34    31%   38-42, 45-46, 50, 54, 57-87, 90-92
/Users/kenji/Downloads/google-cloud-sdk/lib/third_party/chardet/universaldetector.py                                                   124    104    16%   82-92, 100-109, 125-218, 229-286
/Users/kenji/Downloads/google-cloud-sdk/lib/third_party/chardet/utf8prober.py                                                           43     29    33%   39-42, 45-47, 51, 55, 58-74, 77-82
/Users/kenji/Downloads/google-cloud-sdk/lib/third_party/dateutil/__init__.py                                                             5      2    60%   4-5
/Users/kenji/Downloads/google-cloud-sdk/lib/third_party/dateutil/_common.py                                                             25     15    40%   14-17, 20-25, 28, 34, 37-41
/Users/kenji/Downloads/google-cloud-sdk/lib/third_party/dateutil/parser/__init__.py                                                     33      4    88%   31-32, 47-48
/Users/kenji/Downloads/google-cloud-sdk/lib/third_party/dateutil/parser/_parser.py                                                     813    688    15%   63-75, 91-184, 187, 190-194, 197, 201, 206, 211, 216, 222-223, 226-231, 234, 238, 320, 323-327, 330-334, 337-340, 343-346, 349, 352, 355-358, 367-378, 382-391, 396-400, 404, 408, 412, 415-426, 429-454, 461-472, 475-565, 636-659, 707-873, 877-1004, 1007-1038, 1042-1054, 1057, 1070-1090, 1093-1097, 1103-1109, 1116-1127, 1135-1139, 1142-1152, 1160-1175, 1178-1215, 1218-1240, 1243-1248, 1257-1264, 1365-1368, 1383, 1386-1388, 1391-1579, 1586, 1598-1601, 1604-1605
/Users/kenji/Downloads/google-cloud-sdk/lib/third_party/dateutil/parser/isoparser.py                                                   185    150    19%   26-37, 51-55, 134-146, 159-163, 176-179, 199, 207-210, 213-251, 254-295, 316-328, 331-381, 384-412
/Users/kenji/Downloads/google-cloud-sdk/lib/third_party/dateutil/relativedelta.py                                                      241    206    15%   112-229, 232-262, 266, 270, 273-280, 294-308, 318-402, 405, 408, 411-413, 440, 458, 476, 496-501, 521-531, 548, 568, 571-576, 581-592, 597
/Users/kenji/Downloads/google-cloud-sdk/lib/third_party/dateutil/tz/_common.py                                                         161    121    25%   20-28, 55-129, 140, 142, 169-177, 196-202, 205, 222-242, 258-264, 290, 293-300, 303-310, 314-317, 321-350, 366-372, 375-393, 396-405, 409, 414, 417
/Users/kenji/Downloads/google-cloud-sdk/lib/third_party/dateutil/tz/_factories.py                                                       49     21    57%   22, 34-52, 64-79
/Users/kenji/Downloads/google-cloud-sdk/lib/third_party/dateutil/tz/tz.py                                                              808    640    21%   76, 79, 83, 99, 110-113, 119, 122, 145-153, 156, 159, 163, 167, 181, 184-187, 192, 195, 211, 220-226, 229-235, 239, 255-256, 260-261, 288-301, 304-316, 321, 324, 334-335, 338-343, 346-349, 360, 363-366, 369-371, 383-384, 460-481, 486-487, 490-711, 715-726, 730-737, 740-742, 764-778, 794-807, 810-820, 823-829, 832-845, 849-851, 854-856, 863, 866, 869, 872, 955-995, 1011-1019, 1022-1025, 1034, 1082-1110, 1113-1151, 1154, 1160-1165, 1170-1176, 1179-1221, 1224-1229, 1232-1235, 1238-1242, 1246, 1249, 1267-1280, 1286, 1306-1313, 1316-1329, 1332-1454, 1457, 1467-1468, 1474, 1554-1578, 1581-1584, 1587-1589, 1594-1681, 1709-1721, 1744-1767, 1806-1813, 1821, 1826-1835, 1841-1854
/Users/kenji/Downloads/google-cloud-sdk/lib/third_party/dateutil/tz/win.py                                                             153    149     3%   14-370
/Users/kenji/Downloads/google-cloud-sdk/lib/third_party/google/auth/_cloud_sdk.py                                                       63     43    32%   54-72, 83-84, 89-91, 100-120, 137-159
/Users/kenji/Downloads/google-cloud-sdk/lib/third_party/google/auth/_default.py                                                        212    176    17%   80-83, 120-133, 141-184, 189-207, 213-240, 247-267, 279-301, 336-371, 377-388, 392-402, 406-416, 420-462, 466-476, 480-489, 589-641
/Users/kenji/Downloads/google-cloud-sdk/lib/third_party/google/auth/_helpers.py                                                         54     28    48%   57, 85, 106-110, 126-130, 158-175, 188, 200-203, 217-219, 236, 245
/Users/kenji/Downloads/google-cloud-sdk/lib/third_party/google/auth/_service_account_info.py                                            18     11    39%   46-62, 79-81
/Users/kenji/Downloads/google-cloud-sdk/lib/third_party/google/auth/compute_engine/_metadata.py                                         73     46    37%   82-108, 139-182, 205, 231-234, 255-267
/Users/kenji/Downloads/google-cloud-sdk/lib/third_party/google/auth/compute_engine/credentials.py                                      121     79    35%   72-76, 87-95, 109-117, 126, 130, 134, 145, 216-252, 266-274, 290-298, 314-319, 337-357, 374-383, 397-405, 410, 425-429, 434, 438
/Users/kenji/Downloads/google-cloud-sdk/lib/third_party/google/auth/credentials.py                                                      92     32    65%   63-69, 78, 83, 99, 109-113, 132-134, 150, 165, 178, 183, 188, 198-199, 243, 248, 254, 268-271, 316, 341-344, 363, 370, 377
/Users/kenji/Downloads/google-cloud-sdk/lib/third_party/google/auth/crypt/__init__.py                                                   18      7    61%   93-100
/Users/kenji/Downloads/google-cloud-sdk/lib/third_party/google/auth/crypt/_cryptography_rsa.py                                          49     47     4%   23-136
/Users/kenji/Downloads/google-cloud-sdk/lib/third_party/google/auth/crypt/_python_rsa.py                                                73     42    42%   53-59, 71, 75-79, 96-111, 125-126, 131, 135-136, 153-173
[...]
/Users/kenji/Downloads/google-cloud-sdk/lib/third_party/ruamel/yaml/__init__.py                                                         11      1    91%   81
/Users/kenji/Downloads/google-cloud-sdk/lib/third_party/ruamel/yaml/anchor.py                                                            7      2    71%   12-13
/Users/kenji/Downloads/google-cloud-sdk/lib/third_party/ruamel/yaml/comments.py                                                        688    490    29%   20, 48-54, 58-62, 67, 72, 77, 82, 87, 93, 102, 106, 110, 118-120, 128-130, 134-136, 140, 144, 148-151, 155-157, 161-163, 174, 178, 185-187, 191-195, 199-206, 210-217, 224-232, 241-267, 275-277, 286-302, 307-309, 313-314, 318, 322, 327-329, 333-335, 339-340, 345-347, 351, 356-362, 367, 371, 375, 383, 387, 392-399, 403-408, 412, 417-421, 425, 429, 433-436, 440, 444, 448-465, 469-474, 478-483, 487, 491-504, 508, 516-519, 523, 527, 531-548, 552-557, 565, 569-570, 579, 583, 588-589, 598, 602-608, 612-613, 621-624, 628-629, 637-639, 644-650, 655, 659, 663-687, 691-696, 700-711, 718-721, 726-747, 751-757, 762-770, 774-776, 780, 784-787, 791, 795-797, 814-817, 821-822, 826-827, 831, 835, 839-849, 855, 859-874, 880, 884-885, 889-899, 905, 910-912, 916-920, 924-925, 929-935, 939-945, 949-954, 961, 970-978, 985, 989-990, 994, 998, 1002-1004, 1009, 1013-1016, 1020, 1024, 1028-1045, 1049-1054, 1066-1069, 1074-1080, 1085, 1090, 1095, 1099, 1103-1104, 1108, 1112, 1119-1120, 1124, 1133-1144
/Users/kenji/Downloads/google-cloud-sdk/lib/third_party/ruamel/yaml/compat.py                                                          192    116    40%   26-27, 35-45, 56, 64-81, 102-118, 131, 149-153, 158-172, 179-188, 200-218, 222-223, 234-242, 247-249, 257, 260, 268-270, 274-297, 301-305, 310, 315, 320
/Users/kenji/Downloads/google-cloud-sdk/lib/third_party/ruamel/yaml/composer.py                                                        125     31    75%   44, 51-53, 58-62, 67-68, 82-83, 112-118, 122-131, 158, 177, 184-189, 210, 223, 232-238
/Users/kenji/Downloads/google-cloud-sdk/lib/third_party/ruamel/yaml/constructor.py                                                    1080    809    25%   79, 82-86, 91-93, 98, 103-104, 112, 122, 134, 139, 149-165, 169, 174-175, 187, 198, 209, 214, 224-225, 227-230, 238, 250, 258-286, 291-313, 317-326, 347-349, 364-407, 415-416, 420-421, 434-435, 456-483, 496, 498, 500, 502, 504-511, 515-517, 524-551, 571-619, 624-652, 657-684, 688-691, 698-701, 718-725, 729, 773-774, 780, 784, 790-805, 811-814, 818, 822, 826-842, 846-891, 895-903, 907-915, 919-937, 941-952, 958-963, 978-999, 1003, 1071-1102, 1106-1193, 1197-1263, 1274-1285, 1289-1310, 1320-1395, 1401, 1405-1487, 1491-1536, 1540-1546, 1550-1554, 1558-1563, 1567-1574, 1579-1622, 1626-1629, 1633-1671, 1680-1737, 1741-1744
/Users/kenji/Downloads/google-cloud-sdk/lib/third_party/ruamel/yaml/cyaml.py                                                            44     42     5%   7-185
/Users/kenji/Downloads/google-cloud-sdk/lib/third_party/ruamel/yaml/dumper.py                                                           31     16    48%   43-69, 93-119, 143-169, 193-221
/Users/kenji/Downloads/google-cloud-sdk/lib/third_party/ruamel/yaml/emitter.py                                                        1103   1010     8%   46-53, 60, 64, 68, 74-77, 82-86, 90, 118-205, 210-213, 218-222, 227-232, 237, 242-243, 247-253, 259-269, 273-283, 287-297, 314-324, 328, 334, 338-375, 379-387, 391-392, 398-451, 455-458, 462-465, 471-475, 479-494, 498-517, 523-537, 541-561, 565-592, 596-598, 602-606, 612-619, 623, 627-644, 650-653, 657, 661-688, 692-701, 705-708, 714, 722, 730-733, 743-759, 776-784, 788-817, 821-852, 856-880, 886-889, 893-904, 908-932, 936-972, 976-983, 988-1153, 1168-1169, 1174-1175, 1179, 1183-1193, 1197-1213, 1217-1225, 1229-1233, 1237-1241, 1247-1308, 1330-1396, 1400-1429, 1433-1495, 1499-1541, 1545-1610, 1614-1646, 1650-1666, 1670-1674
/Users/kenji/Downloads/google-cloud-sdk/lib/third_party/ruamel/yaml/error.py                                                           151     97    36%   39-40, 58-79, 91-95, 103, 121-125, 130-148, 170-175, 179-200, 226-227, 231-233, 268-273, 277-299
/Users/kenji/Downloads/google-cloud-sdk/lib/third_party/ruamel/yaml/events.py                                                           69      7    90%   11, 23, 28-36
/Users/kenji/Downloads/google-cloud-sdk/lib/third_party/ruamel/yaml/loader.py                                                           41     18    56%   28-33, 50-55, 69-74
/Users/kenji/Downloads/google-cloud-sdk/lib/third_party/ruamel/yaml/main.py                                                            714    588    18%   75-165, 170-174, 179-183, 188-205, 210-213, 218-223, 228-231, 236-267, 272-286, 291-301, 325-341, 345-373, 380-418, 422-439, 443-456, 463-511, 516-593, 598-603, 607-612, 617-620, 630-651, 658-671, 677-678, 682-686, 691-696, 701, 706, 711, 716, 720-721, 727-755, 759-784, 788-794, 798-804, 840-865, 876-881, 889-894, 903-907, 916-921, 931-932, 940-941, 944-945, 954-970, 980, 990, 1000, 1010, 1028-1050, 1076-1108, 1117, 1145-1189, 1218, 1245, 1255, 1279-1280, 1316-1336, 1348-1368, 1378-1393, 1404-1419, 1431, 1436-1445, 1457-1472, 1484-1485, 1508, 1516
/Users/kenji/Downloads/google-cloud-sdk/lib/third_party/ruamel/yaml/nodes.py                                                            54     18    67%   26-40, 44-65
/Users/kenji/Downloads/google-cloud-sdk/lib/third_party/ruamel/yaml/parser.py                                                          415    184    56%   126, 133, 144, 154-155, 201, 207, 210-226, 243-245, 252, 258-265, 269-301, 333, 338-341, 347-355, 357-365, 367-378, 392-393, 410, 450-462, 470-481, 494-498, 502-523, 543-544, 570-571, 573-574, 576-577, 596, 605-617, 643-644, 652-657, 669-675, 679-690, 694-696, 714-718, 732-741, 756-761, 765-766, 770, 779-794
/Users/kenji/Downloads/google-cloud-sdk/lib/third_party/ruamel/yaml/reader.py                                                          186     56    70%   40-44, 48-57, 106-107, 113, 116-118, 125, 136-138, 148-161, 193-194, 196-197, 204, 225-226, 231-234, 241-242, 248-250, 270-281
/Users/kenji/Downloads/google-cloud-sdk/lib/third_party/ruamel/yaml/representer.py                                                     861    706    18%   30, 47-52, 62-70, 75-80, 84-88, 92-126, 136, 154-164, 168-183, 187-204, 208-233, 237, 246-250, 254, 260, 264-291, 295-302, 306, 310-312, 320-338, 349, 359, 363, 367-370, 374-375, 379-380, 384-388, 392, 400, 409, 440-472, 476-484, 488, 492-497, 501, 505-546, 568-614, 618-622, 631, 640, 665-667, 676-681, 685-688, 692-698, 704-717, 721-727, 731-737, 741-747, 751-764, 768-773, 777-783, 787-793, 797-803, 807-813, 818-892, 896-943, 947-959, 963-969, 973-1047, 1051-1107, 1111-1156, 1161-1172, 1176-1187, 1191-1200, 1204-1212, 1216-1220
/Users/kenji/Downloads/google-cloud-sdk/lib/third_party/ruamel/yaml/resolver.py                                                        220    121    45%   127-131, 142, 149-158, 178-216, 222-239, 245-246, 250-269, 273-294, 299, 322, 330, 338, 340, 361, 370-374, 387-394, 398
/Users/kenji/Downloads/google-cloud-sdk/lib/third_party/ruamel/yaml/scalarbool.py                                                       26     15    42%   27-31, 36-38, 42-46, 50-51
/Users/kenji/Downloads/google-cloud-sdk/lib/third_party/ruamel/yaml/scalarfloat.py                                                      61     39    36%   18-38, 42, 50, 58, 67, 75, 84-86, 90-94, 98-99, 103, 121, 127
/Users/kenji/Downloads/google-cloud-sdk/lib/third_party/ruamel/yaml/scalarint.py                                                        70     44    37%   17-25, 29-34, 38-43, 47-52, 56-61, 65-70, 75-77, 81-85, 89-90, 96, 102, 114, 122, 130
/Users/kenji/Downloads/google-cloud-sdk/lib/third_party/ruamel/yaml/scalarstring.py                                                     78     42    46%   29-33, 37, 42-44, 48-52, 56-57, 67, 80, 90, 100, 110, 115, 132-155
/Users/kenji/Downloads/google-cloud-sdk/lib/third_party/ruamel/yaml/scanner.py                                                        1012    523    48%   151, 160, 172, 190, 212, 219, 236, 240, 244, 278, 286, 290, 294, 302, 306, 317, 354, 393, 467-474, 478, 482, 487-498, 537-540, 567, 572-577, 592-615, 646-670, 681-685, 690-694, 699-703, 711, 724, 756-758, 765, 771-774, 784-787, 796-804, 830-839, 868, 887-904, 909-932, 937-958, 963-978, 983-991, 996-1005, 1010-1019, 1024-1039, 1051-1086, 1091-1136, 1143, 1167, 1171-1174, 1191-1192, 1200, 1202-1203, 1225, 1227, 1234, 1238-1247, 1259, 1265-1290, 1293, 1309-1310, 1312-1315, 1318, 1337-1338, 1355-1358, 1372, 1380-1381, 1424-1425, 1427-1428, 1430-1454, 1466-1491, 1496-1515, 1538, 1542, 1544, 1562-1563, 1573, 1590-1591, 1613, 1619-1622, 1624, 1637-1663, 1669-1698, 1703-1730, 1745, 1750-1751, 1759-1768, 1773-1778, 1783-1803, 1808-1830, 1834-1839, 1864-1910, 1922-1935, 1939
/Users/kenji/Downloads/google-cloud-sdk/lib/third_party/ruamel/yaml/serializer.py                                                      140    115    18%   50-65, 70-72, 77-79, 83-89, 93-97, 104-121, 125-142, 146-153, 157-235, 240
/Users/kenji/Downloads/google-cloud-sdk/lib/third_party/ruamel/yaml/timestamp.py                                                        13      5    62%   18, 22, 26-28
/Users/kenji/Downloads/google-cloud-sdk/lib/third_party/ruamel/yaml/tokens.py                                                          162     64    60%   25-37, 41-43, 47-50, 54, 72-89, 99-105, 118-120, 213-214, 223-224, 233-234, 255-256, 260-261, 265-271
/Users/kenji/Downloads/google-cloud-sdk/lib/third_party/ruamel/yaml/util.py                                                            108     86    20%   44, 49, 69-119, 128-139, 144-171
/Users/kenji/Downloads/google-cloud-sdk/lib/third_party/six/__init__.py                                                                473    213    55%   49-72, 98-99, 112, 120-121, 131-133, 145, 154-157, 192-193, 222-223, 306, 486, 494, 499-505, 517-523, 528-530, 536-538, 543, 548, 552-566, 584, 590, 598-614, 626, 642-643, 648-667, 673, 677, 681, 688-711, 720, 736-737, 742-794, 796-803, 808-814, 841-844, 864-869, 883-889, 903-908, 920-927, 948-949
/Users/kenji/Downloads/google-cloud-sdk/lib/third_party/socks/__init__.py                                                              445    355    20%   4-5, 20-23, 42-53, 60-64, 67, 121, 127-129, 134, 145-148, 171-211, 217-222, 228, 237-238, 254-268, 274-280, 283-289, 292, 295-298, 317, 322-324, 330-361, 364-381, 384-387, 390-407, 410-411, 414-416, 420, 428, 436, 442-443, 451-542, 549-587, 590-602, 606-662, 668-721, 738-820, 827-836, 842-847
/Users/kenji/Downloads/google-cloud-sdk/lib/third_party/uritemplate/api.py                                                               8      3    62%   35, 54, 73
/Users/kenji/Downloads/google-cloud-sdk/lib/third_party/uritemplate/orderedset.py                                                       58     41    29%   7-8, 27-31, 34, 37, 41-46, 51-54, 58-62, 66-70, 73-77, 80-82, 85, 88-90
/Users/kenji/Downloads/google-cloud-sdk/lib/third_party/uritemplate/template.py                                                         45     31    31%   26-30, 68-78, 81, 84, 87, 90, 93-111, 134, 152
/Users/kenji/Downloads/google-cloud-sdk/lib/third_party/uritemplate/variable.py                                                        189    160    15%   25-26, 29, 59-72, 75, 78, 90-123, 131-144, 148-186, 194-224, 228-272, 275-294, 323-351, 355-360, 364, 368, 380-383, 387-389
/Users/kenji/Downloads/google-cloud-sdk/lib/third_party/urllib3/__init__.py                                                             34      8    76%   55-61, 85
/Users/kenji/Downloads/google-cloud-sdk/lib/third_party/urllib3/_collections.py                                                        183     99    46%   5-6, 9-16, 58-59, 71, 74, 77-81, 84-85, 88, 93-100, 103-104, 146, 150, 153-154, 161, 164, 167-171, 176, 179-180, 185, 199-207, 210-213, 229, 237, 244-245, 247-248, 250-251, 257, 262-269, 280, 283-288, 291-293, 297-300, 304-306, 309, 317-337
/Users/kenji/Downloads/google-cloud-sdk/lib/third_party/urllib3/connection.py                                                          226     89    61%   21-25, 31-34, 40-43, 168, 178-186, 197-202, 205-206, 214, 225-226, 233, 238, 246-278, 341-344, 363-374, 378, 382, 412, 436, 445, 458, 478-528, 537, 541-550, 554, 564
/Users/kenji/Downloads/google-cloud-sdk/lib/third_party/urllib3/connectionpool.py                                                      339    146    57%   77, 84, 87, 90-92, 98, 218-221, 227-242, 260-269, 273-279, 300-312, 322, 327, 334, 339-357, 387-390, 396, 403-415, 428, 432, 445-452, 470-471, 481, 487-499, 506-520, 635, 638, 645, 651, 700, 734-791, 799-800, 806, 810-813, 832-846, 865-876, 989-994, 1009, 1016-1017, 1043, 1054, 1085-1090, 1107
/Users/kenji/Downloads/google-cloud-sdk/lib/third_party/urllib3/contrib/_appengine_environ.py                                           11      1    91%   36
/Users/kenji/Downloads/google-cloud-sdk/lib/third_party/urllib3/contrib/socks.py                                                        76     51    33%   45-58, 71-72, 81-82, 88-140, 179-216
/Users/kenji/Downloads/google-cloud-sdk/lib/third_party/urllib3/exceptions.py                                                          116     34    71%   24-25, 29, 36-37, 41, 54-55, 88-92, 99-101, 162-165, 172-175, 254, 257, 267-271, 274, 294-303, 316-317
/Users/kenji/Downloads/google-cloud-sdk/lib/third_party/urllib3/fields.py                                                               90     70    22%   19-21, 40-63, 83-92, 114-119, 151-157, 177-193, 206, 219-228, 234-247, 264-274
/Users/kenji/Downloads/google-cloud-sdk/lib/third_party/urllib3/filepost.py                                                             43     30    30%   19-22, 33-42, 57-60, 74-98
/Users/kenji/Downloads/google-cloud-sdk/lib/third_party/urllib3/packages/six.py                                                        504    237    53%   49-72, 77, 102-103, 115, 123-124, 133-135, 146, 155-158, 186-188, 198-199, 228-229, 336, 536, 546, 551-557, 569-575, 580-583, 591-594, 600, 605, 610-623, 640, 643, 646, 649, 658-674, 687, 690, 707-709, 716-740, 746, 750, 754, 758, 765-790, 811-812, 818-873, 877-884, 895-924, 935-951, 961-964, 985-989, 1007, 1010-1012, 1027, 1031, 1042-1050, 1073-1074
/Users/kenji/Downloads/google-cloud-sdk/lib/third_party/urllib3/poolmanager.py                                                         192     96    50%   107, 113, 182, 185-187, 201, 211-212, 223, 237, 258, 276, 313-320, 329-332, 341-348, 362-418, 472-496, 499-504, 513-521, 525-533, 537
/Users/kenji/Downloads/google-cloud-sdk/lib/third_party/urllib3/request.py                                                              39     27    31%   53, 69-78, 87-96, 143-170
/Users/kenji/Downloads/google-cloud-sdk/lib/third_party/urllib3/response.py                                                            408    172    58%   40-42, 45, 48-67, 92-99, 103-104, 109-123, 136, 139, 142-144, 149, 154-157, 195, 222, 241, 263, 273-276, 280, 291-294, 299-303, 307, 310, 318, 331-338, 348, 353-354, 357, 363-364, 368, 383-389, 393, 400, 405-407, 413, 426, 443-458, 470-477, 507, 510, 518-519, 533-544, 554, 598, 618, 625, 629-636, 641, 643, 646-649, 652-657, 663-668, 672, 676-681, 696, 701-704, 709-712, 714-716, 718-721, 745, 750, 758-759, 764, 783, 790, 804-807, 810-824
/Users/kenji/Downloads/google-cloud-sdk/lib/third_party/urllib3/util/connection.py                                                      72     25    65%   21-30, 57, 67-68, 84, 88-97, 102, 129, 141-142
/Users/kenji/Downloads/google-cloud-sdk/lib/third_party/urllib3/util/proxy.py                                                           14      9    36%   22-34, 44-57
/Users/kenji/Downloads/google-cloud-sdk/lib/third_party/urllib3/util/queue.py                                                           14      1    93%   8
/Users/kenji/Downloads/google-cloud-sdk/lib/third_party/urllib3/util/request.py                                                         55     34    38%   24, 71-98, 107, 109-114, 130-144
/Users/kenji/Downloads/google-cloud-sdk/lib/third_party/urllib3/util/response.py                                                        38     15    61%   21-37, 56, 82, 91, 106
/Users/kenji/Downloads/google-cloud-sdk/lib/third_party/urllib3/util/retry.py                                                          213    136    36%   38-43, 47-52, 56-61, 65-70, 74-79, 83-88, 264-276, 289-290, 305-338, 343-352, 360-369, 373-392, 397-402, 405-410, 413-416, 427-432, 438-440, 446, 455-460, 466, 478-481, 490-502, 523-596, 599, 605-616
/Users/kenji/Downloads/google-cloud-sdk/lib/third_party/urllib3/util/ssl_.py                                                           195     96    51%   37-40, 48-49, 53-54, 58-59, 66-72, 76-77, 82-84, 89-90, 131-179, 192-204, 223, 228, 231, 241-247, 327-328, 347-348, 355, 403, 408-413, 419, 422-425, 430-431, 442, 458, 471, 477-483, 488-495, 500
/Users/kenji/Downloads/google-cloud-sdk/lib/third_party/urllib3/util/ssl_match_hostname.py                                              71     31    56%   15-16, 32, 46, 61-69, 82, 94-95, 107, 121-126, 134-157
/Users/kenji/Downloads/google-cloud-sdk/lib/third_party/urllib3/util/ssltransport.py                                                   139    106    24%   32-39, 50-61, 64, 67, 70, 73, 76-78, 81-87, 90-97, 100-103, 115-148, 151, 154, 157, 160, 163, 166, 169, 172, 175, 178, 181, 184, 187-193, 197-221
/Users/kenji/Downloads/google-cloud-sdk/lib/third_party/urllib3/util/timeout.py                                                         64     19    70%   109, 131, 137, 143-144, 151-158, 202, 214-218, 233-236, 262-264, 266
/Users/kenji/Downloads/google-cloud-sdk/lib/third_party/urllib3/util/url.py                                                            205     82    60%   102, 112, 117-122, 127-129, 150-169, 172, 193-207, 239, 252, 258-259, 264, 269, 277, 282-294, 304-314, 326, 354, 358, 372, 374, 379-381, 389, 391-394, 401-404, 411, 431-432
/Users/kenji/Downloads/google-cloud-sdk/lib/third_party/urllib3/util/wait.py                                                            77     59    23%   8-9, 43-68, 72-87, 91-107, 111, 118-124, 133-139, 146, 153
gcpts/dt.py                                                                                                                             46     27    41%   6-10, 34, 50-62, 66-82
gcpts/sql/basic.py                                                                                                                      42     14    67%   23, 31-35, 39, 46, 50, 56-59, 79, 85, 89-93
gcpts/sql/resample.py                                                                                                                  121     58    52%   8-14, 20, 24, 28, 32, 36, 41, 43-46, 51, 53-56, 61, 63-66, 71, 73-76, 81, 83-86, 91, 93-103, 119, 132, 149-153, 162, 164-170, 194, 198, 202-204, 208-210, 212-216, 219-223, 248-250, 253
gcpts/uploader.py                                                                                                                       26      3    88%   22, 25-26
tests/test_gcpts.py                                                                                                                     80      2    98%   65-66
------------------------------------------------------------------------------------------------------------------------------------------------------------------
TOTAL                                                                                                                                91883  56251    39%

171 files skipped due to complete coverage.

======================== 5 passed in 140.11s (0:02:20) =========================
